Started GET "/buddies/new" for 127.0.0.1 at 2018-04-21 13:11:45 -0400
Processing by BuddiesController#new as HTML
  Rendering buddies/new.html.erb within layouts/application
  Rendered buddies/new.html.erb within layouts/application (4.5ms)
Completed 200 OK in 984ms (Views: 958.3ms | ActiveRecord: 0.0ms)


Started GET "/buddies/new" for 127.0.0.1 at 2018-04-21 13:13:27 -0400
Processing by BuddiesController#new as HTML
  Rendering buddies/new.html.erb within layouts/application
  Rendered buddies/new.html.erb within layouts/application (15.9ms)
Completed 500 Internal Server Error in 26ms (ActiveRecord: 0.0ms)


  
ActionView::Template::Error (First argument in form cannot contain nil or be empty):
    2: 
    3: <div class="padding30">
    4:   <h2 class="page-title">Please fill out our questionaire</h2>
    5:     <%= form_for @buddy do |f| %>
    6:       <%= f.label :first_name %>
    7:       <%= f.text_field :first_name %>
    8:       <%= f.label :last_name %>
  
app/views/buddies/new.html.erb:5:in `_app_views_buddies_new_html_erb__2217540644390075397_70249053960520'
  Rendering /Users/Julie713/.rvm/gems/ruby-2.3.3/gems/actionpack-5.0.7/lib/action_dispatch/middleware/templates/rescues/template_error.html.erb within rescues/layout
  Rendering /Users/Julie713/.rvm/gems/ruby-2.3.3/gems/actionpack-5.0.7/lib/action_dispatch/middleware/templates/rescues/_source.html.erb
  Rendered /Users/Julie713/.rvm/gems/ruby-2.3.3/gems/actionpack-5.0.7/lib/action_dispatch/middleware/templates/rescues/_source.html.erb (4.1ms)
  Rendering /Users/Julie713/.rvm/gems/ruby-2.3.3/gems/actionpack-5.0.7/lib/action_dispatch/middleware/templates/rescues/_trace.html.erb
  Rendered /Users/Julie713/.rvm/gems/ruby-2.3.3/gems/actionpack-5.0.7/lib/action_dispatch/middleware/templates/rescues/_trace.html.erb (2.6ms)
  Rendering /Users/Julie713/.rvm/gems/ruby-2.3.3/gems/actionpack-5.0.7/lib/action_dispatch/middleware/templates/rescues/_request_and_response.html.erb
  Rendered /Users/Julie713/.rvm/gems/ruby-2.3.3/gems/actionpack-5.0.7/lib/action_dispatch/middleware/templates/rescues/_request_and_response.html.erb (1.1ms)
  Rendered /Users/Julie713/.rvm/gems/ruby-2.3.3/gems/actionpack-5.0.7/lib/action_dispatch/middleware/templates/rescues/template_error.html.erb within rescues/layout (98.6ms)
Started GET "/buddies/new" for 127.0.0.1 at 2018-04-21 13:14:10 -0400
Processing by BuddiesController#new as HTML
  Rendering buddies/new.html.erb within layouts/application
  Rendered buddies/new.html.erb within layouts/application (77.4ms)
Completed 200 OK in 144ms (Views: 141.6ms | ActiveRecord: 0.0ms)


Started GET "/buddies/new" for 127.0.0.1 at 2018-04-21 13:16:47 -0400
Processing by BuddiesController#new as HTML
  Rendering buddies/new.html.erb within layouts/application
  Rendered buddies/new.html.erb within layouts/application (3.6ms)
Completed 200 OK in 102ms (Views: 98.0ms | ActiveRecord: 0.0ms)


  [1m[35m (3.3ms)[0m  [1m[35mCREATE TABLE "schema_migrations" ("version" varchar NOT NULL PRIMARY KEY)[0m
  [1m[35m (3.6ms)[0m  [1m[35mCREATE TABLE "ar_internal_metadata" ("key" varchar NOT NULL PRIMARY KEY, "value" varchar, "created_at" datetime NOT NULL, "updated_at" datetime NOT NULL)[0m
  [1m[36mActiveRecord::SchemaMigration Load (0.3ms)[0m  [1m[34mSELECT "schema_migrations".* FROM "schema_migrations"[0m
Migrating to CreateBuddies (20180421172444)
  [1m[35m (0.1ms)[0m  [1m[36mbegin transaction[0m
  [1m[35m (0.8ms)[0m  [1m[35mCREATE TABLE "buddies" ("id" INTEGER PRIMARY KEY AUTOINCREMENT NOT NULL, "first_name" varchar, "last_name" varchar, "zipcode" varchar, "interest" varchar, "availability" varchar, "communication" varchar, "created_at" datetime NOT NULL, "updated_at" datetime NOT NULL)[0m
  [1m[35mSQL (0.3ms)[0m  [1m[32mINSERT INTO "schema_migrations" ("version") VALUES (?)[0m  [["version", "20180421172444"]]
  [1m[35m (3.0ms)[0m  [1m[36mcommit transaction[0m
  [1m[36mActiveRecord::InternalMetadata Load (0.3ms)[0m  [1m[34mSELECT  "ar_internal_metadata".* FROM "ar_internal_metadata" WHERE "ar_internal_metadata"."key" = ? LIMIT ?[0m  [["key", "environment"], ["LIMIT", 1]]
  [1m[35m (0.1ms)[0m  [1m[36mbegin transaction[0m
  [1m[35mSQL (0.5ms)[0m  [1m[32mINSERT INTO "ar_internal_metadata" ("key", "value", "created_at", "updated_at") VALUES (?, ?, ?, ?)[0m  [["key", "environment"], ["value", "development"], ["created_at", "2018-04-21 17:25:27.898328"], ["updated_at", "2018-04-21 17:25:27.898328"]]
  [1m[35m (5.2ms)[0m  [1m[36mcommit transaction[0m
  [1m[36mActiveRecord::SchemaMigration Load (0.3ms)[0m  [1m[34mSELECT "schema_migrations".* FROM "schema_migrations"[0m
Started GET "/buddies/new" for 127.0.0.1 at 2018-04-21 13:26:23 -0400
  [1m[36mActiveRecord::SchemaMigration Load (0.4ms)[0m  [1m[34mSELECT "schema_migrations".* FROM "schema_migrations"[0m
Processing by BuddiesController#new as HTML
  Rendering buddies/new.html.erb within layouts/application
  Rendered buddies/new.html.erb within layouts/application (11.4ms)
Completed 200 OK in 113ms (Views: 101.9ms | ActiveRecord: 0.0ms)


Started GET "/buddies/new" for 127.0.0.1 at 2018-04-21 13:26:44 -0400
  [1m[36mActiveRecord::SchemaMigration Load (2.3ms)[0m  [1m[34mSELECT "schema_migrations".* FROM "schema_migrations"[0m
Processing by BuddiesController#new as HTML
  Rendering buddies/new.html.erb within layouts/application
  Rendered buddies/new.html.erb within layouts/application (70.5ms)
Completed 200 OK in 558ms (Views: 541.2ms | ActiveRecord: 0.0ms)


Started GET "/buddies/new" for 127.0.0.1 at 2018-04-21 13:29:35 -0400
Processing by BuddiesController#new as HTML
  Rendering buddies/new.html.erb within layouts/application
  Rendered buddies/new.html.erb within layouts/application (4.1ms)
Completed 200 OK in 84ms (Views: 80.7ms | ActiveRecord: 0.0ms)


Started POST "/buddies/new" for 127.0.0.1 at 2018-04-21 13:30:01 -0400
  
ActionController::RoutingError (No route matches [POST] "/buddies/new"):
  
actionpack (5.0.7) lib/action_dispatch/middleware/debug_exceptions.rb:53:in `call'
web-console (3.6.1) lib/web_console/middleware.rb:135:in `call_app'
web-console (3.6.1) lib/web_console/middleware.rb:30:in `block in call'
web-console (3.6.1) lib/web_console/middleware.rb:20:in `catch'
web-console (3.6.1) lib/web_console/middleware.rb:20:in `call'
actionpack (5.0.7) lib/action_dispatch/middleware/show_exceptions.rb:31:in `call'
railties (5.0.7) lib/rails/rack/logger.rb:36:in `call_app'
railties (5.0.7) lib/rails/rack/logger.rb:24:in `block in call'
activesupport (5.0.7) lib/active_support/tagged_logging.rb:69:in `block in tagged'
activesupport (5.0.7) lib/active_support/tagged_logging.rb:26:in `tagged'
activesupport (5.0.7) lib/active_support/tagged_logging.rb:69:in `tagged'
railties (5.0.7) lib/rails/rack/logger.rb:24:in `call'
sprockets-rails (3.2.1) lib/sprockets/rails/quiet_assets.rb:13:in `call'
actionpack (5.0.7) lib/action_dispatch/middleware/request_id.rb:24:in `call'
rack (2.0.4) lib/rack/method_override.rb:22:in `call'
rack (2.0.4) lib/rack/runtime.rb:22:in `call'
activesupport (5.0.7) lib/active_support/cache/strategy/local_cache_middleware.rb:28:in `call'
actionpack (5.0.7) lib/action_dispatch/middleware/executor.rb:12:in `call'
actionpack (5.0.7) lib/action_dispatch/middleware/static.rb:136:in `call'
rack (2.0.4) lib/rack/sendfile.rb:111:in `call'
railties (5.0.7) lib/rails/engine.rb:522:in `call'
puma (3.11.4) lib/puma/configuration.rb:225:in `call'
puma (3.11.4) lib/puma/server.rb:632:in `handle_request'
puma (3.11.4) lib/puma/server.rb:446:in `process_client'
puma (3.11.4) lib/puma/server.rb:306:in `block in run'
puma (3.11.4) lib/puma/thread_pool.rb:120:in `block in spawn_thread'
  Rendering /Users/Julie713/.rvm/gems/ruby-2.3.3/gems/actionpack-5.0.7/lib/action_dispatch/middleware/templates/rescues/routing_error.html.erb within rescues/layout
  Rendering /Users/Julie713/.rvm/gems/ruby-2.3.3/gems/actionpack-5.0.7/lib/action_dispatch/middleware/templates/rescues/_trace.html.erb
  Rendered /Users/Julie713/.rvm/gems/ruby-2.3.3/gems/actionpack-5.0.7/lib/action_dispatch/middleware/templates/rescues/_trace.html.erb (4.7ms)
  Rendered collection of /Users/Julie713/.rvm/gems/ruby-2.3.3/gems/actionpack-5.0.7/lib/action_dispatch/middleware/templates/routes/_route.html.erb [10 times] (4.7ms)
  Rendered /Users/Julie713/.rvm/gems/ruby-2.3.3/gems/actionpack-5.0.7/lib/action_dispatch/middleware/templates/routes/_table.html.erb (16.2ms)
  Rendering /Users/Julie713/.rvm/gems/ruby-2.3.3/gems/actionpack-5.0.7/lib/action_dispatch/middleware/templates/rescues/_request_and_response.html.erb
  Rendered /Users/Julie713/.rvm/gems/ruby-2.3.3/gems/actionpack-5.0.7/lib/action_dispatch/middleware/templates/rescues/_request_and_response.html.erb (7.8ms)
  Rendered /Users/Julie713/.rvm/gems/ruby-2.3.3/gems/actionpack-5.0.7/lib/action_dispatch/middleware/templates/rescues/routing_error.html.erb within rescues/layout (183.4ms)
Started POST "/buddies/new" for 127.0.0.1 at 2018-04-21 13:35:33 -0400
  
ActionController::RoutingError (No route matches [POST] "/buddies/new"):
  
actionpack (5.0.7) lib/action_dispatch/middleware/debug_exceptions.rb:53:in `call'
web-console (3.6.1) lib/web_console/middleware.rb:135:in `call_app'
web-console (3.6.1) lib/web_console/middleware.rb:30:in `block in call'
web-console (3.6.1) lib/web_console/middleware.rb:20:in `catch'
web-console (3.6.1) lib/web_console/middleware.rb:20:in `call'
actionpack (5.0.7) lib/action_dispatch/middleware/show_exceptions.rb:31:in `call'
railties (5.0.7) lib/rails/rack/logger.rb:36:in `call_app'
railties (5.0.7) lib/rails/rack/logger.rb:24:in `block in call'
activesupport (5.0.7) lib/active_support/tagged_logging.rb:69:in `block in tagged'
activesupport (5.0.7) lib/active_support/tagged_logging.rb:26:in `tagged'
activesupport (5.0.7) lib/active_support/tagged_logging.rb:69:in `tagged'
railties (5.0.7) lib/rails/rack/logger.rb:24:in `call'
sprockets-rails (3.2.1) lib/sprockets/rails/quiet_assets.rb:13:in `call'
actionpack (5.0.7) lib/action_dispatch/middleware/request_id.rb:24:in `call'
rack (2.0.4) lib/rack/method_override.rb:22:in `call'
rack (2.0.4) lib/rack/runtime.rb:22:in `call'
activesupport (5.0.7) lib/active_support/cache/strategy/local_cache_middleware.rb:28:in `call'
actionpack (5.0.7) lib/action_dispatch/middleware/executor.rb:12:in `call'
actionpack (5.0.7) lib/action_dispatch/middleware/static.rb:136:in `call'
rack (2.0.4) lib/rack/sendfile.rb:111:in `call'
railties (5.0.7) lib/rails/engine.rb:522:in `call'
puma (3.11.4) lib/puma/configuration.rb:225:in `call'
puma (3.11.4) lib/puma/server.rb:632:in `handle_request'
puma (3.11.4) lib/puma/server.rb:446:in `process_client'
puma (3.11.4) lib/puma/server.rb:306:in `block in run'
puma (3.11.4) lib/puma/thread_pool.rb:120:in `block in spawn_thread'
  Rendering /Users/Julie713/.rvm/gems/ruby-2.3.3/gems/actionpack-5.0.7/lib/action_dispatch/middleware/templates/rescues/routing_error.html.erb within rescues/layout
  Rendering /Users/Julie713/.rvm/gems/ruby-2.3.3/gems/actionpack-5.0.7/lib/action_dispatch/middleware/templates/rescues/_trace.html.erb
  Rendered /Users/Julie713/.rvm/gems/ruby-2.3.3/gems/actionpack-5.0.7/lib/action_dispatch/middleware/templates/rescues/_trace.html.erb (5.2ms)
  Rendered collection of /Users/Julie713/.rvm/gems/ruby-2.3.3/gems/actionpack-5.0.7/lib/action_dispatch/middleware/templates/routes/_route.html.erb [10 times] (11.1ms)
  Rendered /Users/Julie713/.rvm/gems/ruby-2.3.3/gems/actionpack-5.0.7/lib/action_dispatch/middleware/templates/routes/_table.html.erb (3.9ms)
  Rendering /Users/Julie713/.rvm/gems/ruby-2.3.3/gems/actionpack-5.0.7/lib/action_dispatch/middleware/templates/rescues/_request_and_response.html.erb
  Rendered /Users/Julie713/.rvm/gems/ruby-2.3.3/gems/actionpack-5.0.7/lib/action_dispatch/middleware/templates/rescues/_request_and_response.html.erb (5.4ms)
  Rendered /Users/Julie713/.rvm/gems/ruby-2.3.3/gems/actionpack-5.0.7/lib/action_dispatch/middleware/templates/rescues/routing_error.html.erb within rescues/layout (165.8ms)
Started POST "/buddies/new" for 127.0.0.1 at 2018-04-21 13:40:51 -0400
  [1m[36mActiveRecord::SchemaMigration Load (2.8ms)[0m  [1m[34mSELECT "schema_migrations".* FROM "schema_migrations"[0m
  
ActionController::RoutingError (No route matches [POST] "/buddies/new"):
  
actionpack (5.0.7) lib/action_dispatch/middleware/debug_exceptions.rb:53:in `call'
web-console (3.6.1) lib/web_console/middleware.rb:135:in `call_app'
web-console (3.6.1) lib/web_console/middleware.rb:30:in `block in call'
web-console (3.6.1) lib/web_console/middleware.rb:20:in `catch'
web-console (3.6.1) lib/web_console/middleware.rb:20:in `call'
actionpack (5.0.7) lib/action_dispatch/middleware/show_exceptions.rb:31:in `call'
railties (5.0.7) lib/rails/rack/logger.rb:36:in `call_app'
railties (5.0.7) lib/rails/rack/logger.rb:24:in `block in call'
activesupport (5.0.7) lib/active_support/tagged_logging.rb:69:in `block in tagged'
activesupport (5.0.7) lib/active_support/tagged_logging.rb:26:in `tagged'
activesupport (5.0.7) lib/active_support/tagged_logging.rb:69:in `tagged'
railties (5.0.7) lib/rails/rack/logger.rb:24:in `call'
sprockets-rails (3.2.1) lib/sprockets/rails/quiet_assets.rb:13:in `call'
actionpack (5.0.7) lib/action_dispatch/middleware/request_id.rb:24:in `call'
rack (2.0.4) lib/rack/method_override.rb:22:in `call'
rack (2.0.4) lib/rack/runtime.rb:22:in `call'
activesupport (5.0.7) lib/active_support/cache/strategy/local_cache_middleware.rb:28:in `call'
actionpack (5.0.7) lib/action_dispatch/middleware/executor.rb:12:in `call'
actionpack (5.0.7) lib/action_dispatch/middleware/static.rb:136:in `call'
rack (2.0.4) lib/rack/sendfile.rb:111:in `call'
railties (5.0.7) lib/rails/engine.rb:522:in `call'
puma (3.11.4) lib/puma/configuration.rb:225:in `call'
puma (3.11.4) lib/puma/server.rb:632:in `handle_request'
puma (3.11.4) lib/puma/server.rb:446:in `process_client'
puma (3.11.4) lib/puma/server.rb:306:in `block in run'
puma (3.11.4) lib/puma/thread_pool.rb:120:in `block in spawn_thread'
  Rendering /Users/Julie713/.rvm/gems/ruby-2.3.3/gems/actionpack-5.0.7/lib/action_dispatch/middleware/templates/rescues/routing_error.html.erb within rescues/layout
  Rendering /Users/Julie713/.rvm/gems/ruby-2.3.3/gems/actionpack-5.0.7/lib/action_dispatch/middleware/templates/rescues/_trace.html.erb
  Rendered /Users/Julie713/.rvm/gems/ruby-2.3.3/gems/actionpack-5.0.7/lib/action_dispatch/middleware/templates/rescues/_trace.html.erb (2.2ms)
  Rendered collection of /Users/Julie713/.rvm/gems/ruby-2.3.3/gems/actionpack-5.0.7/lib/action_dispatch/middleware/templates/routes/_route.html.erb [18 times] (6.7ms)
  Rendered /Users/Julie713/.rvm/gems/ruby-2.3.3/gems/actionpack-5.0.7/lib/action_dispatch/middleware/templates/routes/_table.html.erb (28.1ms)
  Rendering /Users/Julie713/.rvm/gems/ruby-2.3.3/gems/actionpack-5.0.7/lib/action_dispatch/middleware/templates/rescues/_request_and_response.html.erb
  Rendered /Users/Julie713/.rvm/gems/ruby-2.3.3/gems/actionpack-5.0.7/lib/action_dispatch/middleware/templates/rescues/_request_and_response.html.erb (16.9ms)
  Rendered /Users/Julie713/.rvm/gems/ruby-2.3.3/gems/actionpack-5.0.7/lib/action_dispatch/middleware/templates/rescues/routing_error.html.erb within rescues/layout (210.7ms)
Started POST "/buddies/new" for 127.0.0.1 at 2018-04-21 13:46:30 -0400
  
ActionController::RoutingError (No route matches [POST] "/buddies/new"):
  
actionpack (5.0.7) lib/action_dispatch/middleware/debug_exceptions.rb:53:in `call'
web-console (3.6.1) lib/web_console/middleware.rb:135:in `call_app'
web-console (3.6.1) lib/web_console/middleware.rb:30:in `block in call'
web-console (3.6.1) lib/web_console/middleware.rb:20:in `catch'
web-console (3.6.1) lib/web_console/middleware.rb:20:in `call'
actionpack (5.0.7) lib/action_dispatch/middleware/show_exceptions.rb:31:in `call'
railties (5.0.7) lib/rails/rack/logger.rb:36:in `call_app'
railties (5.0.7) lib/rails/rack/logger.rb:24:in `block in call'
activesupport (5.0.7) lib/active_support/tagged_logging.rb:69:in `block in tagged'
activesupport (5.0.7) lib/active_support/tagged_logging.rb:26:in `tagged'
activesupport (5.0.7) lib/active_support/tagged_logging.rb:69:in `tagged'
railties (5.0.7) lib/rails/rack/logger.rb:24:in `call'
sprockets-rails (3.2.1) lib/sprockets/rails/quiet_assets.rb:13:in `call'
actionpack (5.0.7) lib/action_dispatch/middleware/request_id.rb:24:in `call'
rack (2.0.4) lib/rack/method_override.rb:22:in `call'
rack (2.0.4) lib/rack/runtime.rb:22:in `call'
activesupport (5.0.7) lib/active_support/cache/strategy/local_cache_middleware.rb:28:in `call'
actionpack (5.0.7) lib/action_dispatch/middleware/executor.rb:12:in `call'
actionpack (5.0.7) lib/action_dispatch/middleware/static.rb:136:in `call'
rack (2.0.4) lib/rack/sendfile.rb:111:in `call'
railties (5.0.7) lib/rails/engine.rb:522:in `call'
puma (3.11.4) lib/puma/configuration.rb:225:in `call'
puma (3.11.4) lib/puma/server.rb:632:in `handle_request'
puma (3.11.4) lib/puma/server.rb:446:in `process_client'
puma (3.11.4) lib/puma/server.rb:306:in `block in run'
puma (3.11.4) lib/puma/thread_pool.rb:120:in `block in spawn_thread'
  Rendering /Users/Julie713/.rvm/gems/ruby-2.3.3/gems/actionpack-5.0.7/lib/action_dispatch/middleware/templates/rescues/routing_error.html.erb within rescues/layout
  Rendering /Users/Julie713/.rvm/gems/ruby-2.3.3/gems/actionpack-5.0.7/lib/action_dispatch/middleware/templates/rescues/_trace.html.erb
  Rendered /Users/Julie713/.rvm/gems/ruby-2.3.3/gems/actionpack-5.0.7/lib/action_dispatch/middleware/templates/rescues/_trace.html.erb (4.9ms)
  Rendered collection of /Users/Julie713/.rvm/gems/ruby-2.3.3/gems/actionpack-5.0.7/lib/action_dispatch/middleware/templates/routes/_route.html.erb [18 times] (30.7ms)
  Rendered /Users/Julie713/.rvm/gems/ruby-2.3.3/gems/actionpack-5.0.7/lib/action_dispatch/middleware/templates/routes/_table.html.erb (4.7ms)
  Rendering /Users/Julie713/.rvm/gems/ruby-2.3.3/gems/actionpack-5.0.7/lib/action_dispatch/middleware/templates/rescues/_request_and_response.html.erb
  Rendered /Users/Julie713/.rvm/gems/ruby-2.3.3/gems/actionpack-5.0.7/lib/action_dispatch/middleware/templates/rescues/_request_and_response.html.erb (5.6ms)
  Rendered /Users/Julie713/.rvm/gems/ruby-2.3.3/gems/actionpack-5.0.7/lib/action_dispatch/middleware/templates/rescues/routing_error.html.erb within rescues/layout (186.8ms)
Started POST "/buddies/new" for 127.0.0.1 at 2018-04-21 13:50:43 -0400
  
Started POST "/buddies/new" for 127.0.0.1 at 2018-04-21 13:50:53 -0400
ActionController::RoutingError (No route matches [POST] "/buddies/new"):
  
  
ActionController::RoutingError (No route matches [POST] "/buddies/new"):
actionpack (5.0.7) lib/action_dispatch/middleware/debug_exceptions.rb:53:in `call'
web-console (3.6.1) lib/web_console/middleware.rb:135:in `call_app'
web-console (3.6.1) lib/web_console/middleware.rb:30:in `block in call'
web-console (3.6.1) lib/web_console/middleware.rb:20:in `catch'
web-console (3.6.1) lib/web_console/middleware.rb:20:in `call'
actionpack (5.0.7) lib/action_dispatch/middleware/show_exceptions.rb:31:in `call'
railties (5.0.7) lib/rails/rack/logger.rb:36:in `call_app'
railties (5.0.7) lib/rails/rack/logger.rb:24:in `block in call'
activesupport (5.0.7) lib/active_support/tagged_logging.rb:69:in `block in tagged'
activesupport (5.0.7) lib/active_support/tagged_logging.rb:26:in `tagged'
activesupport (5.0.7) lib/active_support/tagged_logging.rb:69:in `tagged'
railties (5.0.7) lib/rails/rack/logger.rb:24:in `call'
sprockets-rails (3.2.1) lib/sprockets/rails/quiet_assets.rb:13:in `call'
actionpack (5.0.7) lib/action_dispatch/middleware/request_id.rb:24:in `call'
rack (2.0.4) lib/rack/method_override.rb:22:in `call'
rack (2.0.4) lib/rack/runtime.rb:22:in `call'
activesupport (5.0.7) lib/active_support/cache/strategy/local_cache_middleware.rb:28:in `call'
actionpack (5.0.7) lib/action_dispatch/middleware/executor.rb:12:in `call'
actionpack (5.0.7) lib/action_dispatch/middleware/static.rb:136:in `call'
rack (2.0.4) lib/rack/sendfile.rb:111:in `call'
railties (5.0.7) lib/rails/engine.rb:522:in `call'
puma (3.11.4) lib/puma/configuration.rb:225:in `call'
puma (3.11.4) lib/puma/server.rb:632:in `handle_request'
puma (3.11.4) lib/puma/server.rb:446:in `process_client'
puma (3.11.4) lib/puma/server.rb:306:in `block in run'
puma (3.11.4) lib/puma/thread_pool.rb:120:in `block in spawn_thread'
  
actionpack (5.0.7) lib/action_dispatch/middleware/debug_exceptions.rb:53:in `call'
web-console (3.6.1) lib/web_console/middleware.rb:135:in `call_app'
web-console (3.6.1) lib/web_console/middleware.rb:30:in `block in call'
web-console (3.6.1) lib/web_console/middleware.rb:20:in `catch'
web-console (3.6.1) lib/web_console/middleware.rb:20:in `call'
actionpack (5.0.7) lib/action_dispatch/middleware/show_exceptions.rb:31:in `call'
railties (5.0.7) lib/rails/rack/logger.rb:36:in `call_app'
railties (5.0.7) lib/rails/rack/logger.rb:24:in `block in call'
activesupport (5.0.7) lib/active_support/tagged_logging.rb:69:in `block in tagged'
activesupport (5.0.7) lib/active_support/tagged_logging.rb:26:in `tagged'
activesupport (5.0.7) lib/active_support/tagged_logging.rb:69:in `tagged'
railties (5.0.7) lib/rails/rack/logger.rb:24:in `call'
sprockets-rails (3.2.1) lib/sprockets/rails/quiet_assets.rb:13:in `call'
actionpack (5.0.7) lib/action_dispatch/middleware/request_id.rb:24:in `call'
rack (2.0.4) lib/rack/method_override.rb:22:in `call'
rack (2.0.4) lib/rack/runtime.rb:22:in `call'
activesupport (5.0.7) lib/active_support/cache/strategy/local_cache_middleware.rb:28:in `call'
actionpack (5.0.7) lib/action_dispatch/middleware/executor.rb:12:in `call'
actionpack (5.0.7) lib/action_dispatch/middleware/static.rb:136:in `call'
rack (2.0.4) lib/rack/sendfile.rb:111:in `call'
railties (5.0.7) lib/rails/engine.rb:522:in `call'
puma (3.11.4) lib/puma/configuration.rb:225:in `call'
puma (3.11.4) lib/puma/server.rb:632:in `handle_request'
puma (3.11.4) lib/puma/server.rb:446:in `process_client'
puma (3.11.4) lib/puma/server.rb:306:in `block in run'
puma (3.11.4) lib/puma/thread_pool.rb:120:in `block in spawn_thread'
  Rendering /Users/Julie713/.rvm/gems/ruby-2.3.3/gems/actionpack-5.0.7/lib/action_dispatch/middleware/templates/rescues/routing_error.html.erb within rescues/layout
  Rendering /Users/Julie713/.rvm/gems/ruby-2.3.3/gems/actionpack-5.0.7/lib/action_dispatch/middleware/templates/rescues/routing_error.html.erb within rescues/layout
  Rendering /Users/Julie713/.rvm/gems/ruby-2.3.3/gems/actionpack-5.0.7/lib/action_dispatch/middleware/templates/rescues/_trace.html.erb
  Rendering /Users/Julie713/.rvm/gems/ruby-2.3.3/gems/actionpack-5.0.7/lib/action_dispatch/middleware/templates/rescues/_trace.html.erb
  Rendered /Users/Julie713/.rvm/gems/ruby-2.3.3/gems/actionpack-5.0.7/lib/action_dispatch/middleware/templates/rescues/_trace.html.erb (2.3ms)
  Rendered /Users/Julie713/.rvm/gems/ruby-2.3.3/gems/actionpack-5.0.7/lib/action_dispatch/middleware/templates/rescues/_trace.html.erb (2.1ms)
  Rendered collection of /Users/Julie713/.rvm/gems/ruby-2.3.3/gems/actionpack-5.0.7/lib/action_dispatch/middleware/templates/routes/_route.html.erb [18 times] (11.7ms)
  Rendered collection of /Users/Julie713/.rvm/gems/ruby-2.3.3/gems/actionpack-5.0.7/lib/action_dispatch/middleware/templates/routes/_route.html.erb [18 times] (27.0ms)
  Rendered /Users/Julie713/.rvm/gems/ruby-2.3.3/gems/actionpack-5.0.7/lib/action_dispatch/middleware/templates/routes/_table.html.erb (1.8ms)
  Rendered /Users/Julie713/.rvm/gems/ruby-2.3.3/gems/actionpack-5.0.7/lib/action_dispatch/middleware/templates/routes/_table.html.erb (1.4ms)
  Rendering /Users/Julie713/.rvm/gems/ruby-2.3.3/gems/actionpack-5.0.7/lib/action_dispatch/middleware/templates/rescues/_request_and_response.html.erb
  Rendered /Users/Julie713/.rvm/gems/ruby-2.3.3/gems/actionpack-5.0.7/lib/action_dispatch/middleware/templates/rescues/_request_and_response.html.erb (5.5ms)
  Rendered /Users/Julie713/.rvm/gems/ruby-2.3.3/gems/actionpack-5.0.7/lib/action_dispatch/middleware/templates/rescues/routing_error.html.erb within rescues/layout (277.1ms)
  Rendering /Users/Julie713/.rvm/gems/ruby-2.3.3/gems/actionpack-5.0.7/lib/action_dispatch/middleware/templates/rescues/_request_and_response.html.erb
  Rendered /Users/Julie713/.rvm/gems/ruby-2.3.3/gems/actionpack-5.0.7/lib/action_dispatch/middleware/templates/rescues/_request_and_response.html.erb (1.8ms)
  Rendered /Users/Julie713/.rvm/gems/ruby-2.3.3/gems/actionpack-5.0.7/lib/action_dispatch/middleware/templates/rescues/routing_error.html.erb within rescues/layout (302.7ms)
Started POST "/buddies/new" for 127.0.0.1 at 2018-04-21 13:55:25 -0400
  [1m[36mActiveRecord::SchemaMigration Load (2.3ms)[0m  [1m[34mSELECT "schema_migrations".* FROM "schema_migrations"[0m
  
ActionController::RoutingError (No route matches [POST] "/buddies/new"):
  
actionpack (5.0.7) lib/action_dispatch/middleware/debug_exceptions.rb:53:in `call'
web-console (3.6.1) lib/web_console/middleware.rb:135:in `call_app'
web-console (3.6.1) lib/web_console/middleware.rb:30:in `block in call'
web-console (3.6.1) lib/web_console/middleware.rb:20:in `catch'
web-console (3.6.1) lib/web_console/middleware.rb:20:in `call'
actionpack (5.0.7) lib/action_dispatch/middleware/show_exceptions.rb:31:in `call'
railties (5.0.7) lib/rails/rack/logger.rb:36:in `call_app'
railties (5.0.7) lib/rails/rack/logger.rb:24:in `block in call'
activesupport (5.0.7) lib/active_support/tagged_logging.rb:69:in `block in tagged'
activesupport (5.0.7) lib/active_support/tagged_logging.rb:26:in `tagged'
activesupport (5.0.7) lib/active_support/tagged_logging.rb:69:in `tagged'
railties (5.0.7) lib/rails/rack/logger.rb:24:in `call'
sprockets-rails (3.2.1) lib/sprockets/rails/quiet_assets.rb:13:in `call'
actionpack (5.0.7) lib/action_dispatch/middleware/request_id.rb:24:in `call'
rack (2.0.4) lib/rack/method_override.rb:22:in `call'
rack (2.0.4) lib/rack/runtime.rb:22:in `call'
activesupport (5.0.7) lib/active_support/cache/strategy/local_cache_middleware.rb:28:in `call'
actionpack (5.0.7) lib/action_dispatch/middleware/executor.rb:12:in `call'
actionpack (5.0.7) lib/action_dispatch/middleware/static.rb:136:in `call'
rack (2.0.4) lib/rack/sendfile.rb:111:in `call'
railties (5.0.7) lib/rails/engine.rb:522:in `call'
puma (3.11.4) lib/puma/configuration.rb:225:in `call'
puma (3.11.4) lib/puma/server.rb:632:in `handle_request'
puma (3.11.4) lib/puma/server.rb:446:in `process_client'
puma (3.11.4) lib/puma/server.rb:306:in `block in run'
puma (3.11.4) lib/puma/thread_pool.rb:120:in `block in spawn_thread'
  Rendering /Users/Julie713/.rvm/gems/ruby-2.3.3/gems/actionpack-5.0.7/lib/action_dispatch/middleware/templates/rescues/routing_error.html.erb within rescues/layout
  Rendering /Users/Julie713/.rvm/gems/ruby-2.3.3/gems/actionpack-5.0.7/lib/action_dispatch/middleware/templates/rescues/_trace.html.erb
  Rendered /Users/Julie713/.rvm/gems/ruby-2.3.3/gems/actionpack-5.0.7/lib/action_dispatch/middleware/templates/rescues/_trace.html.erb (2.0ms)
  Rendered collection of /Users/Julie713/.rvm/gems/ruby-2.3.3/gems/actionpack-5.0.7/lib/action_dispatch/middleware/templates/routes/_route.html.erb [18 times] (6.2ms)
  Rendered /Users/Julie713/.rvm/gems/ruby-2.3.3/gems/actionpack-5.0.7/lib/action_dispatch/middleware/templates/routes/_table.html.erb (26.0ms)
  Rendering /Users/Julie713/.rvm/gems/ruby-2.3.3/gems/actionpack-5.0.7/lib/action_dispatch/middleware/templates/rescues/_request_and_response.html.erb
  Rendered /Users/Julie713/.rvm/gems/ruby-2.3.3/gems/actionpack-5.0.7/lib/action_dispatch/middleware/templates/rescues/_request_and_response.html.erb (21.3ms)
  Rendered /Users/Julie713/.rvm/gems/ruby-2.3.3/gems/actionpack-5.0.7/lib/action_dispatch/middleware/templates/rescues/routing_error.html.erb within rescues/layout (210.4ms)
Started POST "/buddies/new" for 127.0.0.1 at 2018-04-21 13:55:32 -0400
  
ActionController::RoutingError (No route matches [POST] "/buddies/new"):
  
actionpack (5.0.7) lib/action_dispatch/middleware/debug_exceptions.rb:53:in `call'
web-console (3.6.1) lib/web_console/middleware.rb:135:in `call_app'
web-console (3.6.1) lib/web_console/middleware.rb:30:in `block in call'
web-console (3.6.1) lib/web_console/middleware.rb:20:in `catch'
web-console (3.6.1) lib/web_console/middleware.rb:20:in `call'
actionpack (5.0.7) lib/action_dispatch/middleware/show_exceptions.rb:31:in `call'
railties (5.0.7) lib/rails/rack/logger.rb:36:in `call_app'
railties (5.0.7) lib/rails/rack/logger.rb:24:in `block in call'
activesupport (5.0.7) lib/active_support/tagged_logging.rb:69:in `block in tagged'
activesupport (5.0.7) lib/active_support/tagged_logging.rb:26:in `tagged'
activesupport (5.0.7) lib/active_support/tagged_logging.rb:69:in `tagged'
railties (5.0.7) lib/rails/rack/logger.rb:24:in `call'
sprockets-rails (3.2.1) lib/sprockets/rails/quiet_assets.rb:13:in `call'
actionpack (5.0.7) lib/action_dispatch/middleware/request_id.rb:24:in `call'
rack (2.0.4) lib/rack/method_override.rb:22:in `call'
rack (2.0.4) lib/rack/runtime.rb:22:in `call'
activesupport (5.0.7) lib/active_support/cache/strategy/local_cache_middleware.rb:28:in `call'
actionpack (5.0.7) lib/action_dispatch/middleware/executor.rb:12:in `call'
actionpack (5.0.7) lib/action_dispatch/middleware/static.rb:136:in `call'
rack (2.0.4) lib/rack/sendfile.rb:111:in `call'
railties (5.0.7) lib/rails/engine.rb:522:in `call'
puma (3.11.4) lib/puma/configuration.rb:225:in `call'
puma (3.11.4) lib/puma/server.rb:632:in `handle_request'
puma (3.11.4) lib/puma/server.rb:446:in `process_client'
puma (3.11.4) lib/puma/server.rb:306:in `block in run'
puma (3.11.4) lib/puma/thread_pool.rb:120:in `block in spawn_thread'
  Rendering /Users/Julie713/.rvm/gems/ruby-2.3.3/gems/actionpack-5.0.7/lib/action_dispatch/middleware/templates/rescues/routing_error.html.erb within rescues/layout
  Rendering /Users/Julie713/.rvm/gems/ruby-2.3.3/gems/actionpack-5.0.7/lib/action_dispatch/middleware/templates/rescues/_trace.html.erb
  Rendered /Users/Julie713/.rvm/gems/ruby-2.3.3/gems/actionpack-5.0.7/lib/action_dispatch/middleware/templates/rescues/_trace.html.erb (1.6ms)
  Rendered collection of /Users/Julie713/.rvm/gems/ruby-2.3.3/gems/actionpack-5.0.7/lib/action_dispatch/middleware/templates/routes/_route.html.erb [18 times] (8.8ms)
  Rendered /Users/Julie713/.rvm/gems/ruby-2.3.3/gems/actionpack-5.0.7/lib/action_dispatch/middleware/templates/routes/_table.html.erb (1.9ms)
  Rendering /Users/Julie713/.rvm/gems/ruby-2.3.3/gems/actionpack-5.0.7/lib/action_dispatch/middleware/templates/rescues/_request_and_response.html.erb
  Rendered /Users/Julie713/.rvm/gems/ruby-2.3.3/gems/actionpack-5.0.7/lib/action_dispatch/middleware/templates/rescues/_request_and_response.html.erb (1.9ms)
  Rendered /Users/Julie713/.rvm/gems/ruby-2.3.3/gems/actionpack-5.0.7/lib/action_dispatch/middleware/templates/rescues/routing_error.html.erb within rescues/layout (132.2ms)
Started GET "/" for 127.0.0.1 at 2018-04-21 14:00:58 -0400
Processing by WelcomeController#index as HTML
  Rendering welcome/index.html.erb within layouts/application
  Rendered welcome/index.html.erb within layouts/application (0.8ms)
Completed 200 OK in 640ms (Views: 630.2ms | ActiveRecord: 0.0ms)


Started GET "/buddies/new" for 127.0.0.1 at 2018-04-21 14:04:02 -0400
  [1m[36mActiveRecord::SchemaMigration Load (2.5ms)[0m  [1m[34mSELECT "schema_migrations".* FROM "schema_migrations"[0m
Processing by BuddiesController#new as HTML
Completed 500 Internal Server Error in 58ms (ActiveRecord: 1.2ms)


  
ActionView::MissingTemplate (Missing template buddies/index, application/index with {:locale=>[:en], :formats=>[:html], :variants=>[], :handlers=>[:raw, :erb, :html, :builder, :ruby, :coffee, :jbuilder]}. Searched in:
  * "/Users/Julie713/Documents/jp/match/app/views"
):
  
app/controllers/buddies_controller.rb:4:in `new'
  Rendering /Users/Julie713/.rvm/gems/ruby-2.3.3/gems/actionpack-5.0.7/lib/action_dispatch/middleware/templates/rescues/missing_template.html.erb within rescues/layout
  Rendering /Users/Julie713/.rvm/gems/ruby-2.3.3/gems/actionpack-5.0.7/lib/action_dispatch/middleware/templates/rescues/_source.html.erb
  Rendered /Users/Julie713/.rvm/gems/ruby-2.3.3/gems/actionpack-5.0.7/lib/action_dispatch/middleware/templates/rescues/_source.html.erb (5.2ms)
  Rendering /Users/Julie713/.rvm/gems/ruby-2.3.3/gems/actionpack-5.0.7/lib/action_dispatch/middleware/templates/rescues/_trace.html.erb
  Rendered /Users/Julie713/.rvm/gems/ruby-2.3.3/gems/actionpack-5.0.7/lib/action_dispatch/middleware/templates/rescues/_trace.html.erb (2.7ms)
  Rendering /Users/Julie713/.rvm/gems/ruby-2.3.3/gems/actionpack-5.0.7/lib/action_dispatch/middleware/templates/rescues/_request_and_response.html.erb
  Rendered /Users/Julie713/.rvm/gems/ruby-2.3.3/gems/actionpack-5.0.7/lib/action_dispatch/middleware/templates/rescues/_request_and_response.html.erb (1.2ms)
  Rendered /Users/Julie713/.rvm/gems/ruby-2.3.3/gems/actionpack-5.0.7/lib/action_dispatch/middleware/templates/rescues/missing_template.html.erb within rescues/layout (126.6ms)
Started GET "/buddies/new" for 127.0.0.1 at 2018-04-21 14:04:19 -0400
Processing by BuddiesController#new as HTML
  Rendering buddies/new.html.erb within layouts/application
  Rendered buddies/new.html.erb within layouts/application (184.9ms)
Completed 500 Internal Server Error in 222ms (ActiveRecord: 1.2ms)


  
ActionView::Template::Error (undefined method `text_fieldrake' for #<ActionView::Helpers::FormBuilder:0x007ff593dc0d30>
Did you mean?  text_field):
     6:       <%= f.label :first_name %>
     7:       <%= f.text_field :first_name %>
     8:       <%= f.label :last_name %>
     9:       <%= f.text_fieldrake :last_name %>
    10:       <%= f.label :zipcode %>
    11:       <%= f.text_field :zipcode %>
    12:       <%= f.label :interest %>
  
app/views/buddies/new.html.erb:9:in `block in _app_views_buddies_new_html_erb__4048855172179246361_70346362277140'
app/views/buddies/new.html.erb:5:in `_app_views_buddies_new_html_erb__4048855172179246361_70346362277140'
  Rendering /Users/Julie713/.rvm/gems/ruby-2.3.3/gems/actionpack-5.0.7/lib/action_dispatch/middleware/templates/rescues/template_error.html.erb within rescues/layout
  Rendering /Users/Julie713/.rvm/gems/ruby-2.3.3/gems/actionpack-5.0.7/lib/action_dispatch/middleware/templates/rescues/_source.html.erb
  Rendered /Users/Julie713/.rvm/gems/ruby-2.3.3/gems/actionpack-5.0.7/lib/action_dispatch/middleware/templates/rescues/_source.html.erb (4.6ms)
  Rendering /Users/Julie713/.rvm/gems/ruby-2.3.3/gems/actionpack-5.0.7/lib/action_dispatch/middleware/templates/rescues/_trace.html.erb
  Rendered /Users/Julie713/.rvm/gems/ruby-2.3.3/gems/actionpack-5.0.7/lib/action_dispatch/middleware/templates/rescues/_trace.html.erb (1.7ms)
  Rendering /Users/Julie713/.rvm/gems/ruby-2.3.3/gems/actionpack-5.0.7/lib/action_dispatch/middleware/templates/rescues/_request_and_response.html.erb
  Rendered /Users/Julie713/.rvm/gems/ruby-2.3.3/gems/actionpack-5.0.7/lib/action_dispatch/middleware/templates/rescues/_request_and_response.html.erb (3.5ms)
  Rendered /Users/Julie713/.rvm/gems/ruby-2.3.3/gems/actionpack-5.0.7/lib/action_dispatch/middleware/templates/rescues/template_error.html.erb within rescues/layout (141.4ms)
Started GET "/buddies/new" for 127.0.0.1 at 2018-04-21 14:04:34 -0400
Processing by BuddiesController#new as HTML
  Rendering buddies/new.html.erb within layouts/application
  Rendered buddies/new.html.erb within layouts/application (102.9ms)
Completed 500 Internal Server Error in 111ms (ActiveRecord: 0.0ms)


  
ActionView::Template::Error (undefined method `text_fieldrake' for #<ActionView::Helpers::FormBuilder:0x007ff59193a9c0>
Did you mean?  text_field):
     6:       <%= f.label :first_name %>
     7:       <%= f.text_field :first_name %>
     8:       <%= f.label :last_name %>
     9:       <%= f.text_fieldrake :last_name %>
    10:       <%= f.label :zipcode %>
    11:       <%= f.text_field :zipcode %>
    12:       <%= f.label :interest %>
  
app/views/buddies/new.html.erb:9:in `block in _app_views_buddies_new_html_erb__4048855172179246361_70346334638500'
app/views/buddies/new.html.erb:5:in `_app_views_buddies_new_html_erb__4048855172179246361_70346334638500'
  Rendering /Users/Julie713/.rvm/gems/ruby-2.3.3/gems/actionpack-5.0.7/lib/action_dispatch/middleware/templates/rescues/template_error.html.erb within rescues/layout
  Rendering /Users/Julie713/.rvm/gems/ruby-2.3.3/gems/actionpack-5.0.7/lib/action_dispatch/middleware/templates/rescues/_source.html.erb
  Rendered /Users/Julie713/.rvm/gems/ruby-2.3.3/gems/actionpack-5.0.7/lib/action_dispatch/middleware/templates/rescues/_source.html.erb (4.8ms)
  Rendering /Users/Julie713/.rvm/gems/ruby-2.3.3/gems/actionpack-5.0.7/lib/action_dispatch/middleware/templates/rescues/_trace.html.erb
  Rendered /Users/Julie713/.rvm/gems/ruby-2.3.3/gems/actionpack-5.0.7/lib/action_dispatch/middleware/templates/rescues/_trace.html.erb (2.2ms)
  Rendering /Users/Julie713/.rvm/gems/ruby-2.3.3/gems/actionpack-5.0.7/lib/action_dispatch/middleware/templates/rescues/_request_and_response.html.erb
  Rendered /Users/Julie713/.rvm/gems/ruby-2.3.3/gems/actionpack-5.0.7/lib/action_dispatch/middleware/templates/rescues/_request_and_response.html.erb (1.0ms)
  Rendered /Users/Julie713/.rvm/gems/ruby-2.3.3/gems/actionpack-5.0.7/lib/action_dispatch/middleware/templates/rescues/template_error.html.erb within rescues/layout (100.2ms)
Started GET "/buddies/new" for 127.0.0.1 at 2018-04-21 14:04:47 -0400
Processing by BuddiesController#new as HTML
  Rendering buddies/new.html.erb within layouts/application
  Rendered buddies/new.html.erb within layouts/application (225.2ms)
Completed 500 Internal Server Error in 232ms (ActiveRecord: 0.0ms)


  
ActionView::Template::Error (undefined local variable or method `form' for #<#<Class:0x007ff593de85b0>:0x007ff593d633d8>
Did you mean?  format
               formats
               formats=
               form_for
               form_tag
               fork):
    15:       <%= f.text_field :availability %>
    16:       <%= f.label :communication %>
    17:       <%= f.text_field :communication %>
    18:       <%= form.submit %>
    19:     <% end %>
    20:   </div>
  
app/views/buddies/new.html.erb:18:in `block in _app_views_buddies_new_html_erb__4048855172179246361_70346362003300'
app/views/buddies/new.html.erb:5:in `_app_views_buddies_new_html_erb__4048855172179246361_70346362003300'
  Rendering /Users/Julie713/.rvm/gems/ruby-2.3.3/gems/actionpack-5.0.7/lib/action_dispatch/middleware/templates/rescues/template_error.html.erb within rescues/layout
  Rendering /Users/Julie713/.rvm/gems/ruby-2.3.3/gems/actionpack-5.0.7/lib/action_dispatch/middleware/templates/rescues/_source.html.erb
  Rendered /Users/Julie713/.rvm/gems/ruby-2.3.3/gems/actionpack-5.0.7/lib/action_dispatch/middleware/templates/rescues/_source.html.erb (4.9ms)
  Rendering /Users/Julie713/.rvm/gems/ruby-2.3.3/gems/actionpack-5.0.7/lib/action_dispatch/middleware/templates/rescues/_trace.html.erb
  Rendered /Users/Julie713/.rvm/gems/ruby-2.3.3/gems/actionpack-5.0.7/lib/action_dispatch/middleware/templates/rescues/_trace.html.erb (2.2ms)
  Rendering /Users/Julie713/.rvm/gems/ruby-2.3.3/gems/actionpack-5.0.7/lib/action_dispatch/middleware/templates/rescues/_request_and_response.html.erb
  Rendered /Users/Julie713/.rvm/gems/ruby-2.3.3/gems/actionpack-5.0.7/lib/action_dispatch/middleware/templates/rescues/_request_and_response.html.erb (1.2ms)
  Rendered /Users/Julie713/.rvm/gems/ruby-2.3.3/gems/actionpack-5.0.7/lib/action_dispatch/middleware/templates/rescues/template_error.html.erb within rescues/layout (89.9ms)
Started GET "/buddies/new" for 127.0.0.1 at 2018-04-21 14:04:59 -0400
Processing by BuddiesController#new as HTML
  Rendering buddies/new.html.erb within layouts/application
  Rendered buddies/new.html.erb within layouts/application (4.9ms)
Completed 200 OK in 427ms (Views: 424.7ms | ActiveRecord: 0.0ms)


Started POST "/buddies" for 127.0.0.1 at 2018-04-21 14:05:14 -0400
Processing by BuddiesController#create as HTML
  Parameters: {"utf8"=>"✓", "authenticity_token"=>"wBq3PV/1gCVYwamFW2VbEUUBpoVY4Jrpv0FRsP9eMcgtnQvQvxYXIAHvzCpiiiL3SnvUiQi0BolrydlO6wtmXA==", "buddy"=>{"first_name"=>"Kentaro", "last_name"=>"Nagano", "zipcode"=>"11756", "interest"=>"Sports", "availability"=>"Monday", "communication"=>"Text"}, "commit"=>"Create Buddy"}
Completed 500 Internal Server Error in 181ms (ActiveRecord: 0.0ms)


  
NameError (undefined local variable or method `buddy_params' for #<BuddiesController:0x007ff596a32be8>
Did you mean?  buddy_path):
  
app/controllers/buddies_controller.rb:7:in `create'
  Rendering /Users/Julie713/.rvm/gems/ruby-2.3.3/gems/actionpack-5.0.7/lib/action_dispatch/middleware/templates/rescues/diagnostics.html.erb within rescues/layout
  Rendering /Users/Julie713/.rvm/gems/ruby-2.3.3/gems/actionpack-5.0.7/lib/action_dispatch/middleware/templates/rescues/_source.html.erb
  Rendered /Users/Julie713/.rvm/gems/ruby-2.3.3/gems/actionpack-5.0.7/lib/action_dispatch/middleware/templates/rescues/_source.html.erb (10.6ms)
  Rendering /Users/Julie713/.rvm/gems/ruby-2.3.3/gems/actionpack-5.0.7/lib/action_dispatch/middleware/templates/rescues/_trace.html.erb
  Rendered /Users/Julie713/.rvm/gems/ruby-2.3.3/gems/actionpack-5.0.7/lib/action_dispatch/middleware/templates/rescues/_trace.html.erb (2.3ms)
  Rendering /Users/Julie713/.rvm/gems/ruby-2.3.3/gems/actionpack-5.0.7/lib/action_dispatch/middleware/templates/rescues/_request_and_response.html.erb
  Rendered /Users/Julie713/.rvm/gems/ruby-2.3.3/gems/actionpack-5.0.7/lib/action_dispatch/middleware/templates/rescues/_request_and_response.html.erb (2.6ms)
  Rendered /Users/Julie713/.rvm/gems/ruby-2.3.3/gems/actionpack-5.0.7/lib/action_dispatch/middleware/templates/rescues/diagnostics.html.erb within rescues/layout (181.2ms)
Started POST "/buddies" for 127.0.0.1 at 2018-04-21 14:05:50 -0400
Processing by BuddiesController#create as HTML
  Parameters: {"utf8"=>"✓", "authenticity_token"=>"wBq3PV/1gCVYwamFW2VbEUUBpoVY4Jrpv0FRsP9eMcgtnQvQvxYXIAHvzCpiiiL3SnvUiQi0BolrydlO6wtmXA==", "buddy"=>{"first_name"=>"Kentaro", "last_name"=>"Nagano", "zipcode"=>"11756", "interest"=>"Sports", "availability"=>"Monday", "communication"=>"Text"}, "commit"=>"Create Buddy"}
  [1m[35m (0.1ms)[0m  [1m[36mbegin transaction[0m
  [1m[35mSQL (2.9ms)[0m  [1m[32mINSERT INTO "buddies" ("first_name", "last_name", "zipcode", "interest", "availability", "communication", "created_at", "updated_at") VALUES (?, ?, ?, ?, ?, ?, ?, ?)[0m  [["first_name", "Kentaro"], ["last_name", "Nagano"], ["zipcode", "11756"], ["interest", "Sports"], ["availability", "Monday"], ["communication", "Text"], ["created_at", "2018-04-21 18:05:50.514389"], ["updated_at", "2018-04-21 18:05:50.514389"]]
  [1m[35m (3.3ms)[0m  [1m[36mcommit transaction[0m
Redirected to http://localhost:3000/buddies/1
Completed 302 Found in 45ms (ActiveRecord: 7.7ms)


Started GET "/buddies/1" for 127.0.0.1 at 2018-04-21 14:05:50 -0400
Processing by BuddiesController#show as HTML
  Parameters: {"id"=>"1"}
  [1m[36mBuddy Load (0.2ms)[0m  [1m[34mSELECT  "buddies".* FROM "buddies" WHERE "buddies"."id" = ? LIMIT ?[0m  [["id", 1], ["LIMIT", 1]]
Completed 406 Not Acceptable in 86ms (ActiveRecord: 0.2ms)


  
ActionController::UnknownFormat (BuddiesController#show is missing a template for this request format and variant.

request.formats: ["text/html"]
request.variant: []

NOTE! For XHR/Ajax or API requests, this action would normally respond with 204 No Content: an empty white screen. Since you're loading it in a web browser, we assume that you expected to actually render a template, not nothing, so we're showing an error to be extra-clear. If you expect 204 No Content, carry on. That's what you'll get from an XHR or API request. Give it a shot.):
  
actionpack (5.0.7) lib/action_controller/metal/implicit_render.rb:56:in `default_render'
actionpack (5.0.7) lib/action_controller/metal/basic_implicit_render.rb:4:in `block in send_action'
actionpack (5.0.7) lib/action_controller/metal/basic_implicit_render.rb:4:in `tap'
actionpack (5.0.7) lib/action_controller/metal/basic_implicit_render.rb:4:in `send_action'
actionpack (5.0.7) lib/abstract_controller/base.rb:188:in `process_action'
actionpack (5.0.7) lib/action_controller/metal/rendering.rb:30:in `process_action'
actionpack (5.0.7) lib/abstract_controller/callbacks.rb:20:in `block in process_action'
activesupport (5.0.7) lib/active_support/callbacks.rb:126:in `call'
activesupport (5.0.7) lib/active_support/callbacks.rb:506:in `block (2 levels) in compile'
activesupport (5.0.7) lib/active_support/callbacks.rb:455:in `call'
activesupport (5.0.7) lib/active_support/callbacks.rb:101:in `__run_callbacks__'
activesupport (5.0.7) lib/active_support/callbacks.rb:750:in `_run_process_action_callbacks'
activesupport (5.0.7) lib/active_support/callbacks.rb:90:in `run_callbacks'
actionpack (5.0.7) lib/abstract_controller/callbacks.rb:19:in `process_action'
actionpack (5.0.7) lib/action_controller/metal/rescue.rb:20:in `process_action'
actionpack (5.0.7) lib/action_controller/metal/instrumentation.rb:32:in `block in process_action'
activesupport (5.0.7) lib/active_support/notifications.rb:164:in `block in instrument'
activesupport (5.0.7) lib/active_support/notifications/instrumenter.rb:21:in `instrument'
activesupport (5.0.7) lib/active_support/notifications.rb:164:in `instrument'
actionpack (5.0.7) lib/action_controller/metal/instrumentation.rb:30:in `process_action'
actionpack (5.0.7) lib/action_controller/metal/params_wrapper.rb:248:in `process_action'
activerecord (5.0.7) lib/active_record/railties/controller_runtime.rb:18:in `process_action'
actionpack (5.0.7) lib/abstract_controller/base.rb:126:in `process'
actionview (5.0.7) lib/action_view/rendering.rb:30:in `process'
actionpack (5.0.7) lib/action_controller/metal.rb:190:in `dispatch'
actionpack (5.0.7) lib/action_controller/metal.rb:262:in `dispatch'
actionpack (5.0.7) lib/action_dispatch/routing/route_set.rb:50:in `dispatch'
actionpack (5.0.7) lib/action_dispatch/routing/route_set.rb:32:in `serve'
actionpack (5.0.7) lib/action_dispatch/journey/router.rb:39:in `block in serve'
actionpack (5.0.7) lib/action_dispatch/journey/router.rb:26:in `each'
actionpack (5.0.7) lib/action_dispatch/journey/router.rb:26:in `serve'
actionpack (5.0.7) lib/action_dispatch/routing/route_set.rb:727:in `call'
rack (2.0.4) lib/rack/etag.rb:25:in `call'
rack (2.0.4) lib/rack/conditional_get.rb:25:in `call'
rack (2.0.4) lib/rack/head.rb:12:in `call'
rack (2.0.4) lib/rack/session/abstract/id.rb:232:in `context'
rack (2.0.4) lib/rack/session/abstract/id.rb:226:in `call'
actionpack (5.0.7) lib/action_dispatch/middleware/cookies.rb:613:in `call'
activerecord (5.0.7) lib/active_record/migration.rb:553:in `call'
actionpack (5.0.7) lib/action_dispatch/middleware/callbacks.rb:38:in `block in call'
activesupport (5.0.7) lib/active_support/callbacks.rb:97:in `__run_callbacks__'
activesupport (5.0.7) lib/active_support/callbacks.rb:750:in `_run_call_callbacks'
activesupport (5.0.7) lib/active_support/callbacks.rb:90:in `run_callbacks'
actionpack (5.0.7) lib/action_dispatch/middleware/callbacks.rb:36:in `call'
actionpack (5.0.7) lib/action_dispatch/middleware/executor.rb:12:in `call'
actionpack (5.0.7) lib/action_dispatch/middleware/remote_ip.rb:79:in `call'
actionpack (5.0.7) lib/action_dispatch/middleware/debug_exceptions.rb:49:in `call'
web-console (3.6.1) lib/web_console/middleware.rb:135:in `call_app'
web-console (3.6.1) lib/web_console/middleware.rb:30:in `block in call'
web-console (3.6.1) lib/web_console/middleware.rb:20:in `catch'
web-console (3.6.1) lib/web_console/middleware.rb:20:in `call'
actionpack (5.0.7) lib/action_dispatch/middleware/show_exceptions.rb:31:in `call'
railties (5.0.7) lib/rails/rack/logger.rb:36:in `call_app'
railties (5.0.7) lib/rails/rack/logger.rb:24:in `block in call'
activesupport (5.0.7) lib/active_support/tagged_logging.rb:69:in `block in tagged'
activesupport (5.0.7) lib/active_support/tagged_logging.rb:26:in `tagged'
activesupport (5.0.7) lib/active_support/tagged_logging.rb:69:in `tagged'
railties (5.0.7) lib/rails/rack/logger.rb:24:in `call'
sprockets-rails (3.2.1) lib/sprockets/rails/quiet_assets.rb:13:in `call'
actionpack (5.0.7) lib/action_dispatch/middleware/request_id.rb:24:in `call'
rack (2.0.4) lib/rack/method_override.rb:22:in `call'
rack (2.0.4) lib/rack/runtime.rb:22:in `call'
activesupport (5.0.7) lib/active_support/cache/strategy/local_cache_middleware.rb:28:in `call'
actionpack (5.0.7) lib/action_dispatch/middleware/executor.rb:12:in `call'
actionpack (5.0.7) lib/action_dispatch/middleware/static.rb:136:in `call'
rack (2.0.4) lib/rack/sendfile.rb:111:in `call'
railties (5.0.7) lib/rails/engine.rb:522:in `call'
puma (3.11.4) lib/puma/configuration.rb:225:in `call'
puma (3.11.4) lib/puma/server.rb:632:in `handle_request'
puma (3.11.4) lib/puma/server.rb:446:in `process_client'
puma (3.11.4) lib/puma/server.rb:306:in `block in run'
puma (3.11.4) lib/puma/thread_pool.rb:120:in `block in spawn_thread'
  Rendering /Users/Julie713/.rvm/gems/ruby-2.3.3/gems/actionpack-5.0.7/lib/action_dispatch/middleware/templates/rescues/diagnostics.html.erb within rescues/layout
  Rendering /Users/Julie713/.rvm/gems/ruby-2.3.3/gems/actionpack-5.0.7/lib/action_dispatch/middleware/templates/rescues/_source.html.erb
  Rendered /Users/Julie713/.rvm/gems/ruby-2.3.3/gems/actionpack-5.0.7/lib/action_dispatch/middleware/templates/rescues/_source.html.erb (5.7ms)
  Rendering /Users/Julie713/.rvm/gems/ruby-2.3.3/gems/actionpack-5.0.7/lib/action_dispatch/middleware/templates/rescues/_trace.html.erb
  Rendered /Users/Julie713/.rvm/gems/ruby-2.3.3/gems/actionpack-5.0.7/lib/action_dispatch/middleware/templates/rescues/_trace.html.erb (4.2ms)
  Rendering /Users/Julie713/.rvm/gems/ruby-2.3.3/gems/actionpack-5.0.7/lib/action_dispatch/middleware/templates/rescues/_request_and_response.html.erb
  Rendered /Users/Julie713/.rvm/gems/ruby-2.3.3/gems/actionpack-5.0.7/lib/action_dispatch/middleware/templates/rescues/_request_and_response.html.erb (1.5ms)
  Rendered /Users/Julie713/.rvm/gems/ruby-2.3.3/gems/actionpack-5.0.7/lib/action_dispatch/middleware/templates/rescues/diagnostics.html.erb within rescues/layout (108.2ms)
Started GET "/buddies/1" for 127.0.0.1 at 2018-04-21 14:06:27 -0400
Processing by BuddiesController#show as HTML
  Parameters: {"id"=>"1"}
  [1m[36mBuddy Load (0.2ms)[0m  [1m[34mSELECT  "buddies".* FROM "buddies" WHERE "buddies"."id" = ? LIMIT ?[0m  [["id", 1], ["LIMIT", 1]]
  Rendering buddies/show.html.erb within layouts/application
  Rendered buddies/show.html.erb within layouts/application (0.7ms)
Completed 200 OK in 113ms (Views: 107.9ms | ActiveRecord: 0.2ms)


  [1m[36mBuddy Load (0.3ms)[0m  [1m[34mSELECT  "buddies".* FROM "buddies" ORDER BY "buddies"."id" ASC LIMIT ?[0m  [["LIMIT", 1]]
  [1m[36mActiveRecord::SchemaMigration Load (2.3ms)[0m  [1m[34mSELECT "schema_migrations".* FROM "schema_migrations"[0m
Migrating to CreateMembers (20180421181117)
  [1m[35m (0.2ms)[0m  [1m[36mbegin transaction[0m
  [1m[35m (0.6ms)[0m  [1m[35mCREATE TABLE "members" ("id" INTEGER PRIMARY KEY AUTOINCREMENT NOT NULL, "first_name" varchar, "last_name" varchar, "zipcode" varchar, "interest" varchar, "availability" varchar, "communication" varchar, "created_at" datetime NOT NULL, "updated_at" datetime NOT NULL)[0m
  [1m[35mSQL (0.3ms)[0m  [1m[32mINSERT INTO "schema_migrations" ("version") VALUES (?)[0m  [["version", "20180421181117"]]
  [1m[35m (2.0ms)[0m  [1m[36mcommit transaction[0m
  [1m[36mActiveRecord::InternalMetadata Load (0.2ms)[0m  [1m[34mSELECT  "ar_internal_metadata".* FROM "ar_internal_metadata" WHERE "ar_internal_metadata"."key" = ? LIMIT ?[0m  [["key", "environment"], ["LIMIT", 1]]
  [1m[35m (0.2ms)[0m  [1m[36mbegin transaction[0m
  [1m[35m (0.2ms)[0m  [1m[36mcommit transaction[0m
  [1m[36mActiveRecord::SchemaMigration Load (0.2ms)[0m  [1m[34mSELECT "schema_migrations".* FROM "schema_migrations"[0m
Started GET "/member/new" for 127.0.0.1 at 2018-04-21 14:30:15 -0400
  [1m[36mActiveRecord::SchemaMigration Load (2.3ms)[0m  [1m[34mSELECT "schema_migrations".* FROM "schema_migrations"[0m
  
ActionController::RoutingError (No route matches [GET] "/member/new"):
  
actionpack (5.0.7) lib/action_dispatch/middleware/debug_exceptions.rb:53:in `call'
web-console (3.6.1) lib/web_console/middleware.rb:135:in `call_app'
web-console (3.6.1) lib/web_console/middleware.rb:30:in `block in call'
web-console (3.6.1) lib/web_console/middleware.rb:20:in `catch'
web-console (3.6.1) lib/web_console/middleware.rb:20:in `call'
actionpack (5.0.7) lib/action_dispatch/middleware/show_exceptions.rb:31:in `call'
railties (5.0.7) lib/rails/rack/logger.rb:36:in `call_app'
railties (5.0.7) lib/rails/rack/logger.rb:24:in `block in call'
activesupport (5.0.7) lib/active_support/tagged_logging.rb:69:in `block in tagged'
activesupport (5.0.7) lib/active_support/tagged_logging.rb:26:in `tagged'
activesupport (5.0.7) lib/active_support/tagged_logging.rb:69:in `tagged'
railties (5.0.7) lib/rails/rack/logger.rb:24:in `call'
sprockets-rails (3.2.1) lib/sprockets/rails/quiet_assets.rb:13:in `call'
actionpack (5.0.7) lib/action_dispatch/middleware/request_id.rb:24:in `call'
rack (2.0.4) lib/rack/method_override.rb:22:in `call'
rack (2.0.4) lib/rack/runtime.rb:22:in `call'
activesupport (5.0.7) lib/active_support/cache/strategy/local_cache_middleware.rb:28:in `call'
actionpack (5.0.7) lib/action_dispatch/middleware/executor.rb:12:in `call'
actionpack (5.0.7) lib/action_dispatch/middleware/static.rb:136:in `call'
rack (2.0.4) lib/rack/sendfile.rb:111:in `call'
railties (5.0.7) lib/rails/engine.rb:522:in `call'
puma (3.11.4) lib/puma/configuration.rb:225:in `call'
puma (3.11.4) lib/puma/server.rb:632:in `handle_request'
puma (3.11.4) lib/puma/server.rb:446:in `process_client'
puma (3.11.4) lib/puma/server.rb:306:in `block in run'
puma (3.11.4) lib/puma/thread_pool.rb:120:in `block in spawn_thread'
  Rendering /Users/Julie713/.rvm/gems/ruby-2.3.3/gems/actionpack-5.0.7/lib/action_dispatch/middleware/templates/rescues/routing_error.html.erb within rescues/layout
  Rendering /Users/Julie713/.rvm/gems/ruby-2.3.3/gems/actionpack-5.0.7/lib/action_dispatch/middleware/templates/rescues/_trace.html.erb
  Rendered /Users/Julie713/.rvm/gems/ruby-2.3.3/gems/actionpack-5.0.7/lib/action_dispatch/middleware/templates/rescues/_trace.html.erb (1.8ms)
  Rendered collection of /Users/Julie713/.rvm/gems/ruby-2.3.3/gems/actionpack-5.0.7/lib/action_dispatch/middleware/templates/routes/_route.html.erb [18 times] (6.2ms)
  Rendered /Users/Julie713/.rvm/gems/ruby-2.3.3/gems/actionpack-5.0.7/lib/action_dispatch/middleware/templates/routes/_table.html.erb (24.5ms)
  Rendering /Users/Julie713/.rvm/gems/ruby-2.3.3/gems/actionpack-5.0.7/lib/action_dispatch/middleware/templates/rescues/_request_and_response.html.erb
  Rendered /Users/Julie713/.rvm/gems/ruby-2.3.3/gems/actionpack-5.0.7/lib/action_dispatch/middleware/templates/rescues/_request_and_response.html.erb (16.2ms)
  Rendered /Users/Julie713/.rvm/gems/ruby-2.3.3/gems/actionpack-5.0.7/lib/action_dispatch/middleware/templates/rescues/routing_error.html.erb within rescues/layout (193.8ms)
Started GET "/members/new" for 127.0.0.1 at 2018-04-21 14:31:12 -0400
  
ActionController::RoutingError (uninitialized constant MembersController):
  
activesupport (5.0.7) lib/active_support/inflector/methods.rb:268:in `const_get'
activesupport (5.0.7) lib/active_support/inflector/methods.rb:268:in `block in constantize'
activesupport (5.0.7) lib/active_support/inflector/methods.rb:266:in `each'
activesupport (5.0.7) lib/active_support/inflector/methods.rb:266:in `inject'
activesupport (5.0.7) lib/active_support/inflector/methods.rb:266:in `constantize'
actionpack (5.0.7) lib/action_dispatch/http/request.rb:81:in `controller_class'
actionpack (5.0.7) lib/action_dispatch/routing/route_set.rb:44:in `controller'
actionpack (5.0.7) lib/action_dispatch/routing/route_set.rb:30:in `serve'
actionpack (5.0.7) lib/action_dispatch/journey/router.rb:39:in `block in serve'
actionpack (5.0.7) lib/action_dispatch/journey/router.rb:26:in `each'
actionpack (5.0.7) lib/action_dispatch/journey/router.rb:26:in `serve'
actionpack (5.0.7) lib/action_dispatch/routing/route_set.rb:727:in `call'
rack (2.0.4) lib/rack/etag.rb:25:in `call'
rack (2.0.4) lib/rack/conditional_get.rb:25:in `call'
rack (2.0.4) lib/rack/head.rb:12:in `call'
rack (2.0.4) lib/rack/session/abstract/id.rb:232:in `context'
rack (2.0.4) lib/rack/session/abstract/id.rb:226:in `call'
actionpack (5.0.7) lib/action_dispatch/middleware/cookies.rb:613:in `call'
activerecord (5.0.7) lib/active_record/migration.rb:553:in `call'
actionpack (5.0.7) lib/action_dispatch/middleware/callbacks.rb:38:in `block in call'
activesupport (5.0.7) lib/active_support/callbacks.rb:97:in `__run_callbacks__'
activesupport (5.0.7) lib/active_support/callbacks.rb:750:in `_run_call_callbacks'
activesupport (5.0.7) lib/active_support/callbacks.rb:90:in `run_callbacks'
actionpack (5.0.7) lib/action_dispatch/middleware/callbacks.rb:36:in `call'
actionpack (5.0.7) lib/action_dispatch/middleware/executor.rb:12:in `call'
actionpack (5.0.7) lib/action_dispatch/middleware/remote_ip.rb:79:in `call'
actionpack (5.0.7) lib/action_dispatch/middleware/debug_exceptions.rb:49:in `call'
web-console (3.6.1) lib/web_console/middleware.rb:135:in `call_app'
web-console (3.6.1) lib/web_console/middleware.rb:30:in `block in call'
web-console (3.6.1) lib/web_console/middleware.rb:20:in `catch'
web-console (3.6.1) lib/web_console/middleware.rb:20:in `call'
actionpack (5.0.7) lib/action_dispatch/middleware/show_exceptions.rb:31:in `call'
railties (5.0.7) lib/rails/rack/logger.rb:36:in `call_app'
railties (5.0.7) lib/rails/rack/logger.rb:24:in `block in call'
activesupport (5.0.7) lib/active_support/tagged_logging.rb:69:in `block in tagged'
activesupport (5.0.7) lib/active_support/tagged_logging.rb:26:in `tagged'
activesupport (5.0.7) lib/active_support/tagged_logging.rb:69:in `tagged'
railties (5.0.7) lib/rails/rack/logger.rb:24:in `call'
sprockets-rails (3.2.1) lib/sprockets/rails/quiet_assets.rb:13:in `call'
actionpack (5.0.7) lib/action_dispatch/middleware/request_id.rb:24:in `call'
rack (2.0.4) lib/rack/method_override.rb:22:in `call'
rack (2.0.4) lib/rack/runtime.rb:22:in `call'
activesupport (5.0.7) lib/active_support/cache/strategy/local_cache_middleware.rb:28:in `call'
actionpack (5.0.7) lib/action_dispatch/middleware/executor.rb:12:in `call'
actionpack (5.0.7) lib/action_dispatch/middleware/static.rb:136:in `call'
rack (2.0.4) lib/rack/sendfile.rb:111:in `call'
railties (5.0.7) lib/rails/engine.rb:522:in `call'
puma (3.11.4) lib/puma/configuration.rb:225:in `call'
puma (3.11.4) lib/puma/server.rb:632:in `handle_request'
puma (3.11.4) lib/puma/server.rb:446:in `process_client'
puma (3.11.4) lib/puma/server.rb:306:in `block in run'
puma (3.11.4) lib/puma/thread_pool.rb:120:in `block in spawn_thread'
  Rendering /Users/Julie713/.rvm/gems/ruby-2.3.3/gems/actionpack-5.0.7/lib/action_dispatch/middleware/templates/rescues/routing_error.html.erb within rescues/layout
  Rendering /Users/Julie713/.rvm/gems/ruby-2.3.3/gems/actionpack-5.0.7/lib/action_dispatch/middleware/templates/rescues/_trace.html.erb
  Rendered /Users/Julie713/.rvm/gems/ruby-2.3.3/gems/actionpack-5.0.7/lib/action_dispatch/middleware/templates/rescues/_trace.html.erb (2.1ms)
  Rendered collection of /Users/Julie713/.rvm/gems/ruby-2.3.3/gems/actionpack-5.0.7/lib/action_dispatch/middleware/templates/routes/_route.html.erb [18 times] (6.9ms)
  Rendered /Users/Julie713/.rvm/gems/ruby-2.3.3/gems/actionpack-5.0.7/lib/action_dispatch/middleware/templates/routes/_table.html.erb (2.1ms)
  Rendering /Users/Julie713/.rvm/gems/ruby-2.3.3/gems/actionpack-5.0.7/lib/action_dispatch/middleware/templates/rescues/_request_and_response.html.erb
  Rendered /Users/Julie713/.rvm/gems/ruby-2.3.3/gems/actionpack-5.0.7/lib/action_dispatch/middleware/templates/rescues/_request_and_response.html.erb (3.9ms)
  Rendered /Users/Julie713/.rvm/gems/ruby-2.3.3/gems/actionpack-5.0.7/lib/action_dispatch/middleware/templates/rescues/routing_error.html.erb within rescues/layout (132.6ms)
Started GET "/buddies/new" for 127.0.0.1 at 2018-04-21 14:32:29 -0400
Processing by BuddiesController#new as HTML
  Rendering buddies/new.html.erb within layouts/application
  Rendered buddies/new.html.erb within layouts/application (47.1ms)
Completed 200 OK in 468ms (Views: 436.6ms | ActiveRecord: 2.2ms)


Started GET "/members/new" for 127.0.0.1 at 2018-04-21 14:32:38 -0400
  
ActionController::RoutingError (uninitialized constant MembersController):
  
activesupport (5.0.7) lib/active_support/inflector/methods.rb:268:in `const_get'
activesupport (5.0.7) lib/active_support/inflector/methods.rb:268:in `block in constantize'
activesupport (5.0.7) lib/active_support/inflector/methods.rb:266:in `each'
activesupport (5.0.7) lib/active_support/inflector/methods.rb:266:in `inject'
activesupport (5.0.7) lib/active_support/inflector/methods.rb:266:in `constantize'
actionpack (5.0.7) lib/action_dispatch/http/request.rb:81:in `controller_class'
actionpack (5.0.7) lib/action_dispatch/routing/route_set.rb:44:in `controller'
actionpack (5.0.7) lib/action_dispatch/routing/route_set.rb:30:in `serve'
actionpack (5.0.7) lib/action_dispatch/journey/router.rb:39:in `block in serve'
actionpack (5.0.7) lib/action_dispatch/journey/router.rb:26:in `each'
actionpack (5.0.7) lib/action_dispatch/journey/router.rb:26:in `serve'
actionpack (5.0.7) lib/action_dispatch/routing/route_set.rb:727:in `call'
rack (2.0.4) lib/rack/etag.rb:25:in `call'
rack (2.0.4) lib/rack/conditional_get.rb:25:in `call'
rack (2.0.4) lib/rack/head.rb:12:in `call'
rack (2.0.4) lib/rack/session/abstract/id.rb:232:in `context'
rack (2.0.4) lib/rack/session/abstract/id.rb:226:in `call'
actionpack (5.0.7) lib/action_dispatch/middleware/cookies.rb:613:in `call'
activerecord (5.0.7) lib/active_record/migration.rb:553:in `call'
actionpack (5.0.7) lib/action_dispatch/middleware/callbacks.rb:38:in `block in call'
activesupport (5.0.7) lib/active_support/callbacks.rb:97:in `__run_callbacks__'
activesupport (5.0.7) lib/active_support/callbacks.rb:750:in `_run_call_callbacks'
activesupport (5.0.7) lib/active_support/callbacks.rb:90:in `run_callbacks'
actionpack (5.0.7) lib/action_dispatch/middleware/callbacks.rb:36:in `call'
actionpack (5.0.7) lib/action_dispatch/middleware/executor.rb:12:in `call'
actionpack (5.0.7) lib/action_dispatch/middleware/remote_ip.rb:79:in `call'
actionpack (5.0.7) lib/action_dispatch/middleware/debug_exceptions.rb:49:in `call'
web-console (3.6.1) lib/web_console/middleware.rb:135:in `call_app'
web-console (3.6.1) lib/web_console/middleware.rb:30:in `block in call'
web-console (3.6.1) lib/web_console/middleware.rb:20:in `catch'
web-console (3.6.1) lib/web_console/middleware.rb:20:in `call'
actionpack (5.0.7) lib/action_dispatch/middleware/show_exceptions.rb:31:in `call'
railties (5.0.7) lib/rails/rack/logger.rb:36:in `call_app'
railties (5.0.7) lib/rails/rack/logger.rb:24:in `block in call'
activesupport (5.0.7) lib/active_support/tagged_logging.rb:69:in `block in tagged'
activesupport (5.0.7) lib/active_support/tagged_logging.rb:26:in `tagged'
activesupport (5.0.7) lib/active_support/tagged_logging.rb:69:in `tagged'
railties (5.0.7) lib/rails/rack/logger.rb:24:in `call'
sprockets-rails (3.2.1) lib/sprockets/rails/quiet_assets.rb:13:in `call'
actionpack (5.0.7) lib/action_dispatch/middleware/request_id.rb:24:in `call'
rack (2.0.4) lib/rack/method_override.rb:22:in `call'
rack (2.0.4) lib/rack/runtime.rb:22:in `call'
activesupport (5.0.7) lib/active_support/cache/strategy/local_cache_middleware.rb:28:in `call'
actionpack (5.0.7) lib/action_dispatch/middleware/executor.rb:12:in `call'
actionpack (5.0.7) lib/action_dispatch/middleware/static.rb:136:in `call'
rack (2.0.4) lib/rack/sendfile.rb:111:in `call'
railties (5.0.7) lib/rails/engine.rb:522:in `call'
puma (3.11.4) lib/puma/configuration.rb:225:in `call'
puma (3.11.4) lib/puma/server.rb:632:in `handle_request'
puma (3.11.4) lib/puma/server.rb:446:in `process_client'
puma (3.11.4) lib/puma/server.rb:306:in `block in run'
puma (3.11.4) lib/puma/thread_pool.rb:120:in `block in spawn_thread'
  Rendering /Users/Julie713/.rvm/gems/ruby-2.3.3/gems/actionpack-5.0.7/lib/action_dispatch/middleware/templates/rescues/routing_error.html.erb within rescues/layout
  Rendering /Users/Julie713/.rvm/gems/ruby-2.3.3/gems/actionpack-5.0.7/lib/action_dispatch/middleware/templates/rescues/_trace.html.erb
  Rendered /Users/Julie713/.rvm/gems/ruby-2.3.3/gems/actionpack-5.0.7/lib/action_dispatch/middleware/templates/rescues/_trace.html.erb (3.0ms)
  Rendered collection of /Users/Julie713/.rvm/gems/ruby-2.3.3/gems/actionpack-5.0.7/lib/action_dispatch/middleware/templates/routes/_route.html.erb [18 times] (6.3ms)
  Rendered /Users/Julie713/.rvm/gems/ruby-2.3.3/gems/actionpack-5.0.7/lib/action_dispatch/middleware/templates/routes/_table.html.erb (2.0ms)
  Rendering /Users/Julie713/.rvm/gems/ruby-2.3.3/gems/actionpack-5.0.7/lib/action_dispatch/middleware/templates/rescues/_request_and_response.html.erb
  Rendered /Users/Julie713/.rvm/gems/ruby-2.3.3/gems/actionpack-5.0.7/lib/action_dispatch/middleware/templates/rescues/_request_and_response.html.erb (1.8ms)
  Rendered /Users/Julie713/.rvm/gems/ruby-2.3.3/gems/actionpack-5.0.7/lib/action_dispatch/middleware/templates/rescues/routing_error.html.erb within rescues/layout (129.3ms)
Started GET "/members/new" for 127.0.0.1 at 2018-04-21 14:34:23 -0400
Processing by MembersController#new as HTML
  Rendering members/new.html.erb within layouts/application
  Rendered members/new.html.erb within layouts/application (4.6ms)
Completed 200 OK in 103ms (Views: 80.6ms | ActiveRecord: 1.2ms)


Started POST "/members" for 127.0.0.1 at 2018-04-21 14:35:47 -0400
Processing by MembersController#create as HTML
  Parameters: {"utf8"=>"✓", "authenticity_token"=>"i0wO9QI8rBLJDHJgzBGJFZQVOIH4A50Ip50NYifP4YZmy7IY4t87F5AiF8/1/vDzm29KjahXAWhzFYWcM5q2Eg==", "member"=>{"first_name"=>"John", "last_name"=>"Doe", "zipcode"=>"11756", "interest"=>"Sports", "availability"=>"Tuesday", "communication"=>"Email"}, "commit"=>"Create Member"}
Completed 500 Internal Server Error in 244ms (ActiveRecord: 0.0ms)


  
NameError (undefined local variable or method `member_params' for #<MembersController:0x007fc5683960b8>
Did you mean?  member_path):
  
app/controllers/members_controller.rb:7:in `create'
  Rendering /Users/Julie713/.rvm/gems/ruby-2.3.3/gems/actionpack-5.0.7/lib/action_dispatch/middleware/templates/rescues/diagnostics.html.erb within rescues/layout
  Rendering /Users/Julie713/.rvm/gems/ruby-2.3.3/gems/actionpack-5.0.7/lib/action_dispatch/middleware/templates/rescues/_source.html.erb
  Rendered /Users/Julie713/.rvm/gems/ruby-2.3.3/gems/actionpack-5.0.7/lib/action_dispatch/middleware/templates/rescues/_source.html.erb (3.9ms)
  Rendering /Users/Julie713/.rvm/gems/ruby-2.3.3/gems/actionpack-5.0.7/lib/action_dispatch/middleware/templates/rescues/_trace.html.erb
  Rendered /Users/Julie713/.rvm/gems/ruby-2.3.3/gems/actionpack-5.0.7/lib/action_dispatch/middleware/templates/rescues/_trace.html.erb (2.8ms)
  Rendering /Users/Julie713/.rvm/gems/ruby-2.3.3/gems/actionpack-5.0.7/lib/action_dispatch/middleware/templates/rescues/_request_and_response.html.erb
  Rendered /Users/Julie713/.rvm/gems/ruby-2.3.3/gems/actionpack-5.0.7/lib/action_dispatch/middleware/templates/rescues/_request_and_response.html.erb (2.3ms)
  Rendered /Users/Julie713/.rvm/gems/ruby-2.3.3/gems/actionpack-5.0.7/lib/action_dispatch/middleware/templates/rescues/diagnostics.html.erb within rescues/layout (174.7ms)
Started POST "/members" for 127.0.0.1 at 2018-04-21 14:36:09 -0400
Processing by MembersController#create as HTML
  Parameters: {"utf8"=>"✓", "authenticity_token"=>"i0wO9QI8rBLJDHJgzBGJFZQVOIH4A50Ip50NYifP4YZmy7IY4t87F5AiF8/1/vDzm29KjahXAWhzFYWcM5q2Eg==", "member"=>{"first_name"=>"John", "last_name"=>"Doe", "zipcode"=>"11756", "interest"=>"Sports", "availability"=>"Tuesday", "communication"=>"Email"}, "commit"=>"Create Member"}
  [1m[35m (0.1ms)[0m  [1m[36mbegin transaction[0m
  [1m[35mSQL (2.9ms)[0m  [1m[32mINSERT INTO "members" ("first_name", "last_name", "zipcode", "interest", "availability", "communication", "created_at", "updated_at") VALUES (?, ?, ?, ?, ?, ?, ?, ?)[0m  [["first_name", "John"], ["last_name", "Doe"], ["zipcode", "11756"], ["interest", "Sports"], ["availability", "Tuesday"], ["communication", "Email"], ["created_at", "2018-04-21 18:36:09.944601"], ["updated_at", "2018-04-21 18:36:09.944601"]]
  [1m[35m (3.3ms)[0m  [1m[36mcommit transaction[0m
Redirected to http://localhost:3000/members/1
Completed 302 Found in 29ms (ActiveRecord: 7.4ms)


Started GET "/members/1" for 127.0.0.1 at 2018-04-21 14:36:09 -0400
Processing by MembersController#show as HTML
  Parameters: {"id"=>"1"}
  [1m[36mBuddy Load (2.2ms)[0m  [1m[34mSELECT  "buddies".* FROM "buddies" WHERE "buddies"."id" = ? LIMIT ?[0m  [["id", 1], ["LIMIT", 1]]
Completed 406 Not Acceptable in 97ms (ActiveRecord: 2.7ms)


  
ActionController::UnknownFormat (MembersController#show is missing a template for this request format and variant.

request.formats: ["text/html"]
request.variant: []

NOTE! For XHR/Ajax or API requests, this action would normally respond with 204 No Content: an empty white screen. Since you're loading it in a web browser, we assume that you expected to actually render a template, not nothing, so we're showing an error to be extra-clear. If you expect 204 No Content, carry on. That's what you'll get from an XHR or API request. Give it a shot.):
  
actionpack (5.0.7) lib/action_controller/metal/implicit_render.rb:56:in `default_render'
actionpack (5.0.7) lib/action_controller/metal/basic_implicit_render.rb:4:in `block in send_action'
actionpack (5.0.7) lib/action_controller/metal/basic_implicit_render.rb:4:in `tap'
actionpack (5.0.7) lib/action_controller/metal/basic_implicit_render.rb:4:in `send_action'
actionpack (5.0.7) lib/abstract_controller/base.rb:188:in `process_action'
actionpack (5.0.7) lib/action_controller/metal/rendering.rb:30:in `process_action'
actionpack (5.0.7) lib/abstract_controller/callbacks.rb:20:in `block in process_action'
activesupport (5.0.7) lib/active_support/callbacks.rb:126:in `call'
activesupport (5.0.7) lib/active_support/callbacks.rb:506:in `block (2 levels) in compile'
activesupport (5.0.7) lib/active_support/callbacks.rb:455:in `call'
activesupport (5.0.7) lib/active_support/callbacks.rb:101:in `__run_callbacks__'
activesupport (5.0.7) lib/active_support/callbacks.rb:750:in `_run_process_action_callbacks'
activesupport (5.0.7) lib/active_support/callbacks.rb:90:in `run_callbacks'
actionpack (5.0.7) lib/abstract_controller/callbacks.rb:19:in `process_action'
actionpack (5.0.7) lib/action_controller/metal/rescue.rb:20:in `process_action'
actionpack (5.0.7) lib/action_controller/metal/instrumentation.rb:32:in `block in process_action'
activesupport (5.0.7) lib/active_support/notifications.rb:164:in `block in instrument'
activesupport (5.0.7) lib/active_support/notifications/instrumenter.rb:21:in `instrument'
activesupport (5.0.7) lib/active_support/notifications.rb:164:in `instrument'
actionpack (5.0.7) lib/action_controller/metal/instrumentation.rb:30:in `process_action'
actionpack (5.0.7) lib/action_controller/metal/params_wrapper.rb:248:in `process_action'
activerecord (5.0.7) lib/active_record/railties/controller_runtime.rb:18:in `process_action'
actionpack (5.0.7) lib/abstract_controller/base.rb:126:in `process'
actionview (5.0.7) lib/action_view/rendering.rb:30:in `process'
actionpack (5.0.7) lib/action_controller/metal.rb:190:in `dispatch'
actionpack (5.0.7) lib/action_controller/metal.rb:262:in `dispatch'
actionpack (5.0.7) lib/action_dispatch/routing/route_set.rb:50:in `dispatch'
actionpack (5.0.7) lib/action_dispatch/routing/route_set.rb:32:in `serve'
actionpack (5.0.7) lib/action_dispatch/journey/router.rb:39:in `block in serve'
actionpack (5.0.7) lib/action_dispatch/journey/router.rb:26:in `each'
actionpack (5.0.7) lib/action_dispatch/journey/router.rb:26:in `serve'
actionpack (5.0.7) lib/action_dispatch/routing/route_set.rb:727:in `call'
rack (2.0.4) lib/rack/etag.rb:25:in `call'
rack (2.0.4) lib/rack/conditional_get.rb:25:in `call'
rack (2.0.4) lib/rack/head.rb:12:in `call'
rack (2.0.4) lib/rack/session/abstract/id.rb:232:in `context'
rack (2.0.4) lib/rack/session/abstract/id.rb:226:in `call'
actionpack (5.0.7) lib/action_dispatch/middleware/cookies.rb:613:in `call'
activerecord (5.0.7) lib/active_record/migration.rb:553:in `call'
actionpack (5.0.7) lib/action_dispatch/middleware/callbacks.rb:38:in `block in call'
activesupport (5.0.7) lib/active_support/callbacks.rb:97:in `__run_callbacks__'
activesupport (5.0.7) lib/active_support/callbacks.rb:750:in `_run_call_callbacks'
activesupport (5.0.7) lib/active_support/callbacks.rb:90:in `run_callbacks'
actionpack (5.0.7) lib/action_dispatch/middleware/callbacks.rb:36:in `call'
actionpack (5.0.7) lib/action_dispatch/middleware/executor.rb:12:in `call'
actionpack (5.0.7) lib/action_dispatch/middleware/remote_ip.rb:79:in `call'
actionpack (5.0.7) lib/action_dispatch/middleware/debug_exceptions.rb:49:in `call'
web-console (3.6.1) lib/web_console/middleware.rb:135:in `call_app'
web-console (3.6.1) lib/web_console/middleware.rb:30:in `block in call'
web-console (3.6.1) lib/web_console/middleware.rb:20:in `catch'
web-console (3.6.1) lib/web_console/middleware.rb:20:in `call'
actionpack (5.0.7) lib/action_dispatch/middleware/show_exceptions.rb:31:in `call'
railties (5.0.7) lib/rails/rack/logger.rb:36:in `call_app'
railties (5.0.7) lib/rails/rack/logger.rb:24:in `block in call'
activesupport (5.0.7) lib/active_support/tagged_logging.rb:69:in `block in tagged'
activesupport (5.0.7) lib/active_support/tagged_logging.rb:26:in `tagged'
activesupport (5.0.7) lib/active_support/tagged_logging.rb:69:in `tagged'
railties (5.0.7) lib/rails/rack/logger.rb:24:in `call'
sprockets-rails (3.2.1) lib/sprockets/rails/quiet_assets.rb:13:in `call'
actionpack (5.0.7) lib/action_dispatch/middleware/request_id.rb:24:in `call'
rack (2.0.4) lib/rack/method_override.rb:22:in `call'
rack (2.0.4) lib/rack/runtime.rb:22:in `call'
activesupport (5.0.7) lib/active_support/cache/strategy/local_cache_middleware.rb:28:in `call'
actionpack (5.0.7) lib/action_dispatch/middleware/executor.rb:12:in `call'
actionpack (5.0.7) lib/action_dispatch/middleware/static.rb:136:in `call'
rack (2.0.4) lib/rack/sendfile.rb:111:in `call'
railties (5.0.7) lib/rails/engine.rb:522:in `call'
puma (3.11.4) lib/puma/configuration.rb:225:in `call'
puma (3.11.4) lib/puma/server.rb:632:in `handle_request'
puma (3.11.4) lib/puma/server.rb:446:in `process_client'
puma (3.11.4) lib/puma/server.rb:306:in `block in run'
puma (3.11.4) lib/puma/thread_pool.rb:120:in `block in spawn_thread'
  Rendering /Users/Julie713/.rvm/gems/ruby-2.3.3/gems/actionpack-5.0.7/lib/action_dispatch/middleware/templates/rescues/diagnostics.html.erb within rescues/layout
  Rendering /Users/Julie713/.rvm/gems/ruby-2.3.3/gems/actionpack-5.0.7/lib/action_dispatch/middleware/templates/rescues/_source.html.erb
  Rendered /Users/Julie713/.rvm/gems/ruby-2.3.3/gems/actionpack-5.0.7/lib/action_dispatch/middleware/templates/rescues/_source.html.erb (3.7ms)
  Rendering /Users/Julie713/.rvm/gems/ruby-2.3.3/gems/actionpack-5.0.7/lib/action_dispatch/middleware/templates/rescues/_trace.html.erb
  Rendered /Users/Julie713/.rvm/gems/ruby-2.3.3/gems/actionpack-5.0.7/lib/action_dispatch/middleware/templates/rescues/_trace.html.erb (2.8ms)
  Rendering /Users/Julie713/.rvm/gems/ruby-2.3.3/gems/actionpack-5.0.7/lib/action_dispatch/middleware/templates/rescues/_request_and_response.html.erb
  Rendered /Users/Julie713/.rvm/gems/ruby-2.3.3/gems/actionpack-5.0.7/lib/action_dispatch/middleware/templates/rescues/_request_and_response.html.erb (1.4ms)
  Rendered /Users/Julie713/.rvm/gems/ruby-2.3.3/gems/actionpack-5.0.7/lib/action_dispatch/middleware/templates/rescues/diagnostics.html.erb within rescues/layout (99.1ms)
Started GET "/members/1" for 127.0.0.1 at 2018-04-21 14:36:36 -0400
Processing by MembersController#show as HTML
  Parameters: {"id"=>"1"}
  [1m[36mBuddy Load (0.2ms)[0m  [1m[34mSELECT  "buddies".* FROM "buddies" WHERE "buddies"."id" = ? LIMIT ?[0m  [["id", 1], ["LIMIT", 1]]
  Rendering members/show.html.erb within layouts/application
  Rendered members/show.html.erb within layouts/application (0.6ms)
Completed 200 OK in 110ms (Views: 106.7ms | ActiveRecord: 0.2ms)


Started GET "/members/" for 127.0.0.1 at 2018-04-21 14:41:34 -0400
  
AbstractController::ActionNotFound (The action 'index' could not be found for MembersController):
  
actionpack (5.0.7) lib/abstract_controller/base.rb:121:in `process'
actionview (5.0.7) lib/action_view/rendering.rb:30:in `process'
actionpack (5.0.7) lib/action_controller/metal.rb:190:in `dispatch'
actionpack (5.0.7) lib/action_controller/metal.rb:262:in `dispatch'
actionpack (5.0.7) lib/action_dispatch/routing/route_set.rb:50:in `dispatch'
actionpack (5.0.7) lib/action_dispatch/routing/route_set.rb:32:in `serve'
actionpack (5.0.7) lib/action_dispatch/journey/router.rb:39:in `block in serve'
actionpack (5.0.7) lib/action_dispatch/journey/router.rb:26:in `each'
actionpack (5.0.7) lib/action_dispatch/journey/router.rb:26:in `serve'
actionpack (5.0.7) lib/action_dispatch/routing/route_set.rb:727:in `call'
rack (2.0.4) lib/rack/etag.rb:25:in `call'
rack (2.0.4) lib/rack/conditional_get.rb:25:in `call'
rack (2.0.4) lib/rack/head.rb:12:in `call'
rack (2.0.4) lib/rack/session/abstract/id.rb:232:in `context'
rack (2.0.4) lib/rack/session/abstract/id.rb:226:in `call'
actionpack (5.0.7) lib/action_dispatch/middleware/cookies.rb:613:in `call'
activerecord (5.0.7) lib/active_record/migration.rb:553:in `call'
actionpack (5.0.7) lib/action_dispatch/middleware/callbacks.rb:38:in `block in call'
activesupport (5.0.7) lib/active_support/callbacks.rb:97:in `__run_callbacks__'
activesupport (5.0.7) lib/active_support/callbacks.rb:750:in `_run_call_callbacks'
activesupport (5.0.7) lib/active_support/callbacks.rb:90:in `run_callbacks'
actionpack (5.0.7) lib/action_dispatch/middleware/callbacks.rb:36:in `call'
actionpack (5.0.7) lib/action_dispatch/middleware/executor.rb:12:in `call'
actionpack (5.0.7) lib/action_dispatch/middleware/remote_ip.rb:79:in `call'
actionpack (5.0.7) lib/action_dispatch/middleware/debug_exceptions.rb:49:in `call'
web-console (3.6.1) lib/web_console/middleware.rb:135:in `call_app'
web-console (3.6.1) lib/web_console/middleware.rb:30:in `block in call'
web-console (3.6.1) lib/web_console/middleware.rb:20:in `catch'
web-console (3.6.1) lib/web_console/middleware.rb:20:in `call'
actionpack (5.0.7) lib/action_dispatch/middleware/show_exceptions.rb:31:in `call'
railties (5.0.7) lib/rails/rack/logger.rb:36:in `call_app'
railties (5.0.7) lib/rails/rack/logger.rb:24:in `block in call'
activesupport (5.0.7) lib/active_support/tagged_logging.rb:69:in `block in tagged'
activesupport (5.0.7) lib/active_support/tagged_logging.rb:26:in `tagged'
activesupport (5.0.7) lib/active_support/tagged_logging.rb:69:in `tagged'
railties (5.0.7) lib/rails/rack/logger.rb:24:in `call'
sprockets-rails (3.2.1) lib/sprockets/rails/quiet_assets.rb:13:in `call'
actionpack (5.0.7) lib/action_dispatch/middleware/request_id.rb:24:in `call'
rack (2.0.4) lib/rack/method_override.rb:22:in `call'
rack (2.0.4) lib/rack/runtime.rb:22:in `call'
activesupport (5.0.7) lib/active_support/cache/strategy/local_cache_middleware.rb:28:in `call'
actionpack (5.0.7) lib/action_dispatch/middleware/executor.rb:12:in `call'
actionpack (5.0.7) lib/action_dispatch/middleware/static.rb:136:in `call'
rack (2.0.4) lib/rack/sendfile.rb:111:in `call'
railties (5.0.7) lib/rails/engine.rb:522:in `call'
puma (3.11.4) lib/puma/configuration.rb:225:in `call'
puma (3.11.4) lib/puma/server.rb:632:in `handle_request'
puma (3.11.4) lib/puma/server.rb:446:in `process_client'
puma (3.11.4) lib/puma/server.rb:306:in `block in run'
puma (3.11.4) lib/puma/thread_pool.rb:120:in `block in spawn_thread'
  Rendering /Users/Julie713/.rvm/gems/ruby-2.3.3/gems/actionpack-5.0.7/lib/action_dispatch/middleware/templates/rescues/unknown_action.html.erb within rescues/layout
  Rendered /Users/Julie713/.rvm/gems/ruby-2.3.3/gems/actionpack-5.0.7/lib/action_dispatch/middleware/templates/rescues/unknown_action.html.erb within rescues/layout (3.2ms)
Started GET "/members/new" for 127.0.0.1 at 2018-04-21 14:41:38 -0400
Processing by MembersController#new as HTML
  Rendering members/new.html.erb within layouts/application
  Rendered members/new.html.erb within layouts/application (10.4ms)
Completed 200 OK in 129ms (Views: 122.1ms | ActiveRecord: 0.0ms)


  [1m[36mBuddy Load (4.6ms)[0m  [1m[34mSELECT "buddies".* FROM "buddies"[0m
  [1m[36mMember Load (0.3ms)[0m  [1m[34mSELECT "members".* FROM "members"[0m
  [1m[36mBuddy Load (7.6ms)[0m  [1m[34mSELECT "buddies".* FROM "buddies"[0m
  [1m[36mMember Load (2.5ms)[0m  [1m[34mSELECT "members".* FROM "members"[0m
  [1m[36mBuddy Load (7.5ms)[0m  [1m[34mSELECT "buddies".* FROM "buddies"[0m
  [1m[36mMember Load (2.6ms)[0m  [1m[34mSELECT "members".* FROM "members"[0m
  [1m[36mBuddy Load (0.3ms)[0m  [1m[34mSELECT "buddies".* FROM "buddies"[0m
  [1m[36mBuddy Load (7.8ms)[0m  [1m[34mSELECT "buddies".* FROM "buddies"[0m
  [1m[36mMember Load (2.5ms)[0m  [1m[34mSELECT "members".* FROM "members"[0m
  [1m[36mBuddy Load (0.2ms)[0m  [1m[34mSELECT "buddies".* FROM "buddies"[0m
  [1m[36mMember Load (0.1ms)[0m  [1m[34mSELECT "members".* FROM "members"[0m
Started POST "/members" for 127.0.0.1 at 2018-04-21 16:00:07 -0400
  [1m[36mActiveRecord::SchemaMigration Load (2.5ms)[0m  [1m[34mSELECT "schema_migrations".* FROM "schema_migrations"[0m
Processing by MembersController#create as HTML
  Parameters: {"utf8"=>"✓", "authenticity_token"=>"9D2sg7Cr51hDzdtbqzzondZJGewyLZnNca2nv/473SMZuhBuUEhwXRrjvvSS05F72TNr4GJ5Ba2lJS9B6m6Ktw==", "member"=>{"first_name"=>"Jane", "last_name"=>"Doe", "zipcode"=>"11550", "interest"=>"Music", "availability"=>"Monday", "communication"=>"Text"}, "commit"=>"Create Member"}
  [1m[35m (0.1ms)[0m  [1m[36mbegin transaction[0m
  [1m[35mSQL (2.8ms)[0m  [1m[32mINSERT INTO "members" ("first_name", "last_name", "zipcode", "interest", "availability", "communication", "created_at", "updated_at") VALUES (?, ?, ?, ?, ?, ?, ?, ?)[0m  [["first_name", "Jane"], ["last_name", "Doe"], ["zipcode", "11550"], ["interest", "Music"], ["availability", "Monday"], ["communication", "Text"], ["created_at", "2018-04-21 20:00:08.240966"], ["updated_at", "2018-04-21 20:00:08.240966"]]
  [1m[35m (3.6ms)[0m  [1m[36mcommit transaction[0m
Redirected to http://localhost:3000/members/2
Completed 302 Found in 64ms (ActiveRecord: 7.4ms)


Started GET "/members/2" for 127.0.0.1 at 2018-04-21 16:00:08 -0400
Processing by MembersController#show as HTML
  Parameters: {"id"=>"2"}
  [1m[36mBuddy Load (2.2ms)[0m  [1m[34mSELECT  "buddies".* FROM "buddies" WHERE "buddies"."id" = ? LIMIT ?[0m  [["id", 2], ["LIMIT", 1]]
Completed 404 Not Found in 14ms (ActiveRecord: 2.8ms)


  
ActiveRecord::RecordNotFound (Couldn't find Buddy with 'id'=2):
  
app/controllers/members_controller.rb:14:in `show'
  Rendering /Users/Julie713/.rvm/gems/ruby-2.3.3/gems/actionpack-5.0.7/lib/action_dispatch/middleware/templates/rescues/diagnostics.html.erb within rescues/layout
  Rendering /Users/Julie713/.rvm/gems/ruby-2.3.3/gems/actionpack-5.0.7/lib/action_dispatch/middleware/templates/rescues/_source.html.erb
  Rendered /Users/Julie713/.rvm/gems/ruby-2.3.3/gems/actionpack-5.0.7/lib/action_dispatch/middleware/templates/rescues/_source.html.erb (3.8ms)
  Rendering /Users/Julie713/.rvm/gems/ruby-2.3.3/gems/actionpack-5.0.7/lib/action_dispatch/middleware/templates/rescues/_trace.html.erb
  Rendered /Users/Julie713/.rvm/gems/ruby-2.3.3/gems/actionpack-5.0.7/lib/action_dispatch/middleware/templates/rescues/_trace.html.erb (3.3ms)
  Rendering /Users/Julie713/.rvm/gems/ruby-2.3.3/gems/actionpack-5.0.7/lib/action_dispatch/middleware/templates/rescues/_request_and_response.html.erb
  Rendered /Users/Julie713/.rvm/gems/ruby-2.3.3/gems/actionpack-5.0.7/lib/action_dispatch/middleware/templates/rescues/_request_and_response.html.erb (1.8ms)
  Rendered /Users/Julie713/.rvm/gems/ruby-2.3.3/gems/actionpack-5.0.7/lib/action_dispatch/middleware/templates/rescues/diagnostics.html.erb within rescues/layout (119.1ms)
Started POST "/members" for 127.0.0.1 at 2018-04-21 16:00:27 -0400
Processing by MembersController#create as HTML
  Parameters: {"utf8"=>"✓", "authenticity_token"=>"9D2sg7Cr51hDzdtbqzzondZJGewyLZnNca2nv/473SMZuhBuUEhwXRrjvvSS05F72TNr4GJ5Ba2lJS9B6m6Ktw==", "member"=>{"first_name"=>"Jane", "last_name"=>"Doe", "zipcode"=>"11550", "interest"=>"Music", "availability"=>"Monday", "communication"=>"Text"}, "commit"=>"Create Member"}
  [1m[35m (0.1ms)[0m  [1m[36mbegin transaction[0m
  [1m[35mSQL (1.2ms)[0m  [1m[32mINSERT INTO "members" ("first_name", "last_name", "zipcode", "interest", "availability", "communication", "created_at", "updated_at") VALUES (?, ?, ?, ?, ?, ?, ?, ?)[0m  [["first_name", "Jane"], ["last_name", "Doe"], ["zipcode", "11550"], ["interest", "Music"], ["availability", "Monday"], ["communication", "Text"], ["created_at", "2018-04-21 20:00:27.852923"], ["updated_at", "2018-04-21 20:00:27.852923"]]
  [1m[35m (2.3ms)[0m  [1m[36mcommit transaction[0m
Redirected to http://localhost:3000/members/3
Completed 302 Found in 10ms (ActiveRecord: 3.7ms)


Started GET "/members/3" for 127.0.0.1 at 2018-04-21 16:00:27 -0400
Processing by MembersController#show as HTML
  Parameters: {"id"=>"3"}
  [1m[36mBuddy Load (0.1ms)[0m  [1m[34mSELECT  "buddies".* FROM "buddies" WHERE "buddies"."id" = ? LIMIT ?[0m  [["id", 3], ["LIMIT", 1]]
Completed 404 Not Found in 2ms (ActiveRecord: 0.1ms)


  
ActiveRecord::RecordNotFound (Couldn't find Buddy with 'id'=3):
  
app/controllers/members_controller.rb:14:in `show'
  Rendering /Users/Julie713/.rvm/gems/ruby-2.3.3/gems/actionpack-5.0.7/lib/action_dispatch/middleware/templates/rescues/diagnostics.html.erb within rescues/layout
  Rendering /Users/Julie713/.rvm/gems/ruby-2.3.3/gems/actionpack-5.0.7/lib/action_dispatch/middleware/templates/rescues/_source.html.erb
  Rendered /Users/Julie713/.rvm/gems/ruby-2.3.3/gems/actionpack-5.0.7/lib/action_dispatch/middleware/templates/rescues/_source.html.erb (3.0ms)
  Rendering /Users/Julie713/.rvm/gems/ruby-2.3.3/gems/actionpack-5.0.7/lib/action_dispatch/middleware/templates/rescues/_trace.html.erb
  Rendered /Users/Julie713/.rvm/gems/ruby-2.3.3/gems/actionpack-5.0.7/lib/action_dispatch/middleware/templates/rescues/_trace.html.erb (2.8ms)
  Rendering /Users/Julie713/.rvm/gems/ruby-2.3.3/gems/actionpack-5.0.7/lib/action_dispatch/middleware/templates/rescues/_request_and_response.html.erb
  Rendered /Users/Julie713/.rvm/gems/ruby-2.3.3/gems/actionpack-5.0.7/lib/action_dispatch/middleware/templates/rescues/_request_and_response.html.erb (1.0ms)
  Rendered /Users/Julie713/.rvm/gems/ruby-2.3.3/gems/actionpack-5.0.7/lib/action_dispatch/middleware/templates/rescues/diagnostics.html.erb within rescues/layout (105.6ms)
Started GET "/members/3" for 127.0.0.1 at 2018-04-21 16:00:53 -0400
Processing by MembersController#show as HTML
  Parameters: {"id"=>"3"}
  Rendering members/show.html.erb within layouts/application
  Rendered members/show.html.erb within layouts/application (0.6ms)
Completed 200 OK in 488ms (Views: 481.2ms | ActiveRecord: 0.0ms)


Started GET "/members/" for 127.0.0.1 at 2018-04-21 16:01:01 -0400
  
AbstractController::ActionNotFound (The action 'index' could not be found for MembersController):
  
actionpack (5.0.7) lib/abstract_controller/base.rb:121:in `process'
actionview (5.0.7) lib/action_view/rendering.rb:30:in `process'
actionpack (5.0.7) lib/action_controller/metal.rb:190:in `dispatch'
actionpack (5.0.7) lib/action_controller/metal.rb:262:in `dispatch'
actionpack (5.0.7) lib/action_dispatch/routing/route_set.rb:50:in `dispatch'
actionpack (5.0.7) lib/action_dispatch/routing/route_set.rb:32:in `serve'
actionpack (5.0.7) lib/action_dispatch/journey/router.rb:39:in `block in serve'
actionpack (5.0.7) lib/action_dispatch/journey/router.rb:26:in `each'
actionpack (5.0.7) lib/action_dispatch/journey/router.rb:26:in `serve'
actionpack (5.0.7) lib/action_dispatch/routing/route_set.rb:727:in `call'
rack (2.0.4) lib/rack/etag.rb:25:in `call'
rack (2.0.4) lib/rack/conditional_get.rb:25:in `call'
rack (2.0.4) lib/rack/head.rb:12:in `call'
rack (2.0.4) lib/rack/session/abstract/id.rb:232:in `context'
rack (2.0.4) lib/rack/session/abstract/id.rb:226:in `call'
actionpack (5.0.7) lib/action_dispatch/middleware/cookies.rb:613:in `call'
activerecord (5.0.7) lib/active_record/migration.rb:553:in `call'
actionpack (5.0.7) lib/action_dispatch/middleware/callbacks.rb:38:in `block in call'
activesupport (5.0.7) lib/active_support/callbacks.rb:97:in `__run_callbacks__'
activesupport (5.0.7) lib/active_support/callbacks.rb:750:in `_run_call_callbacks'
activesupport (5.0.7) lib/active_support/callbacks.rb:90:in `run_callbacks'
actionpack (5.0.7) lib/action_dispatch/middleware/callbacks.rb:36:in `call'
actionpack (5.0.7) lib/action_dispatch/middleware/executor.rb:12:in `call'
actionpack (5.0.7) lib/action_dispatch/middleware/remote_ip.rb:79:in `call'
actionpack (5.0.7) lib/action_dispatch/middleware/debug_exceptions.rb:49:in `call'
web-console (3.6.1) lib/web_console/middleware.rb:135:in `call_app'
web-console (3.6.1) lib/web_console/middleware.rb:30:in `block in call'
web-console (3.6.1) lib/web_console/middleware.rb:20:in `catch'
web-console (3.6.1) lib/web_console/middleware.rb:20:in `call'
actionpack (5.0.7) lib/action_dispatch/middleware/show_exceptions.rb:31:in `call'
railties (5.0.7) lib/rails/rack/logger.rb:36:in `call_app'
railties (5.0.7) lib/rails/rack/logger.rb:24:in `block in call'
activesupport (5.0.7) lib/active_support/tagged_logging.rb:69:in `block in tagged'
activesupport (5.0.7) lib/active_support/tagged_logging.rb:26:in `tagged'
activesupport (5.0.7) lib/active_support/tagged_logging.rb:69:in `tagged'
railties (5.0.7) lib/rails/rack/logger.rb:24:in `call'
sprockets-rails (3.2.1) lib/sprockets/rails/quiet_assets.rb:13:in `call'
actionpack (5.0.7) lib/action_dispatch/middleware/request_id.rb:24:in `call'
rack (2.0.4) lib/rack/method_override.rb:22:in `call'
rack (2.0.4) lib/rack/runtime.rb:22:in `call'
activesupport (5.0.7) lib/active_support/cache/strategy/local_cache_middleware.rb:28:in `call'
actionpack (5.0.7) lib/action_dispatch/middleware/executor.rb:12:in `call'
actionpack (5.0.7) lib/action_dispatch/middleware/static.rb:136:in `call'
rack (2.0.4) lib/rack/sendfile.rb:111:in `call'
railties (5.0.7) lib/rails/engine.rb:522:in `call'
puma (3.11.4) lib/puma/configuration.rb:225:in `call'
puma (3.11.4) lib/puma/server.rb:632:in `handle_request'
puma (3.11.4) lib/puma/server.rb:446:in `process_client'
puma (3.11.4) lib/puma/server.rb:306:in `block in run'
puma (3.11.4) lib/puma/thread_pool.rb:120:in `block in spawn_thread'
  Rendering /Users/Julie713/.rvm/gems/ruby-2.3.3/gems/actionpack-5.0.7/lib/action_dispatch/middleware/templates/rescues/unknown_action.html.erb within rescues/layout
  Rendered /Users/Julie713/.rvm/gems/ruby-2.3.3/gems/actionpack-5.0.7/lib/action_dispatch/middleware/templates/rescues/unknown_action.html.erb within rescues/layout (0.7ms)
Started GET "/members/" for 127.0.0.1 at 2018-04-21 16:01:23 -0400
Processing by MembersController#index as HTML
Completed 406 Not Acceptable in 82ms (ActiveRecord: 0.0ms)


  
ActionController::UnknownFormat (MembersController#index is missing a template for this request format and variant.

request.formats: ["text/html"]
request.variant: []

NOTE! For XHR/Ajax or API requests, this action would normally respond with 204 No Content: an empty white screen. Since you're loading it in a web browser, we assume that you expected to actually render a template, not nothing, so we're showing an error to be extra-clear. If you expect 204 No Content, carry on. That's what you'll get from an XHR or API request. Give it a shot.):
  
actionpack (5.0.7) lib/action_controller/metal/implicit_render.rb:56:in `default_render'
actionpack (5.0.7) lib/action_controller/metal/basic_implicit_render.rb:4:in `block in send_action'
actionpack (5.0.7) lib/action_controller/metal/basic_implicit_render.rb:4:in `tap'
actionpack (5.0.7) lib/action_controller/metal/basic_implicit_render.rb:4:in `send_action'
actionpack (5.0.7) lib/abstract_controller/base.rb:188:in `process_action'
actionpack (5.0.7) lib/action_controller/metal/rendering.rb:30:in `process_action'
actionpack (5.0.7) lib/abstract_controller/callbacks.rb:20:in `block in process_action'
activesupport (5.0.7) lib/active_support/callbacks.rb:126:in `call'
activesupport (5.0.7) lib/active_support/callbacks.rb:506:in `block (2 levels) in compile'
activesupport (5.0.7) lib/active_support/callbacks.rb:455:in `call'
activesupport (5.0.7) lib/active_support/callbacks.rb:101:in `__run_callbacks__'
activesupport (5.0.7) lib/active_support/callbacks.rb:750:in `_run_process_action_callbacks'
activesupport (5.0.7) lib/active_support/callbacks.rb:90:in `run_callbacks'
actionpack (5.0.7) lib/abstract_controller/callbacks.rb:19:in `process_action'
actionpack (5.0.7) lib/action_controller/metal/rescue.rb:20:in `process_action'
actionpack (5.0.7) lib/action_controller/metal/instrumentation.rb:32:in `block in process_action'
activesupport (5.0.7) lib/active_support/notifications.rb:164:in `block in instrument'
activesupport (5.0.7) lib/active_support/notifications/instrumenter.rb:21:in `instrument'
activesupport (5.0.7) lib/active_support/notifications.rb:164:in `instrument'
actionpack (5.0.7) lib/action_controller/metal/instrumentation.rb:30:in `process_action'
actionpack (5.0.7) lib/action_controller/metal/params_wrapper.rb:248:in `process_action'
activerecord (5.0.7) lib/active_record/railties/controller_runtime.rb:18:in `process_action'
actionpack (5.0.7) lib/abstract_controller/base.rb:126:in `process'
actionview (5.0.7) lib/action_view/rendering.rb:30:in `process'
actionpack (5.0.7) lib/action_controller/metal.rb:190:in `dispatch'
actionpack (5.0.7) lib/action_controller/metal.rb:262:in `dispatch'
actionpack (5.0.7) lib/action_dispatch/routing/route_set.rb:50:in `dispatch'
actionpack (5.0.7) lib/action_dispatch/routing/route_set.rb:32:in `serve'
actionpack (5.0.7) lib/action_dispatch/journey/router.rb:39:in `block in serve'
actionpack (5.0.7) lib/action_dispatch/journey/router.rb:26:in `each'
actionpack (5.0.7) lib/action_dispatch/journey/router.rb:26:in `serve'
actionpack (5.0.7) lib/action_dispatch/routing/route_set.rb:727:in `call'
rack (2.0.4) lib/rack/etag.rb:25:in `call'
rack (2.0.4) lib/rack/conditional_get.rb:25:in `call'
rack (2.0.4) lib/rack/head.rb:12:in `call'
rack (2.0.4) lib/rack/session/abstract/id.rb:232:in `context'
rack (2.0.4) lib/rack/session/abstract/id.rb:226:in `call'
actionpack (5.0.7) lib/action_dispatch/middleware/cookies.rb:613:in `call'
activerecord (5.0.7) lib/active_record/migration.rb:553:in `call'
actionpack (5.0.7) lib/action_dispatch/middleware/callbacks.rb:38:in `block in call'
activesupport (5.0.7) lib/active_support/callbacks.rb:97:in `__run_callbacks__'
activesupport (5.0.7) lib/active_support/callbacks.rb:750:in `_run_call_callbacks'
activesupport (5.0.7) lib/active_support/callbacks.rb:90:in `run_callbacks'
actionpack (5.0.7) lib/action_dispatch/middleware/callbacks.rb:36:in `call'
actionpack (5.0.7) lib/action_dispatch/middleware/executor.rb:12:in `call'
actionpack (5.0.7) lib/action_dispatch/middleware/remote_ip.rb:79:in `call'
actionpack (5.0.7) lib/action_dispatch/middleware/debug_exceptions.rb:49:in `call'
web-console (3.6.1) lib/web_console/middleware.rb:135:in `call_app'
web-console (3.6.1) lib/web_console/middleware.rb:30:in `block in call'
web-console (3.6.1) lib/web_console/middleware.rb:20:in `catch'
web-console (3.6.1) lib/web_console/middleware.rb:20:in `call'
actionpack (5.0.7) lib/action_dispatch/middleware/show_exceptions.rb:31:in `call'
railties (5.0.7) lib/rails/rack/logger.rb:36:in `call_app'
railties (5.0.7) lib/rails/rack/logger.rb:24:in `block in call'
activesupport (5.0.7) lib/active_support/tagged_logging.rb:69:in `block in tagged'
activesupport (5.0.7) lib/active_support/tagged_logging.rb:26:in `tagged'
activesupport (5.0.7) lib/active_support/tagged_logging.rb:69:in `tagged'
railties (5.0.7) lib/rails/rack/logger.rb:24:in `call'
sprockets-rails (3.2.1) lib/sprockets/rails/quiet_assets.rb:13:in `call'
actionpack (5.0.7) lib/action_dispatch/middleware/request_id.rb:24:in `call'
rack (2.0.4) lib/rack/method_override.rb:22:in `call'
rack (2.0.4) lib/rack/runtime.rb:22:in `call'
activesupport (5.0.7) lib/active_support/cache/strategy/local_cache_middleware.rb:28:in `call'
actionpack (5.0.7) lib/action_dispatch/middleware/executor.rb:12:in `call'
actionpack (5.0.7) lib/action_dispatch/middleware/static.rb:136:in `call'
rack (2.0.4) lib/rack/sendfile.rb:111:in `call'
railties (5.0.7) lib/rails/engine.rb:522:in `call'
puma (3.11.4) lib/puma/configuration.rb:225:in `call'
puma (3.11.4) lib/puma/server.rb:632:in `handle_request'
puma (3.11.4) lib/puma/server.rb:446:in `process_client'
puma (3.11.4) lib/puma/server.rb:306:in `block in run'
puma (3.11.4) lib/puma/thread_pool.rb:120:in `block in spawn_thread'
  Rendering /Users/Julie713/.rvm/gems/ruby-2.3.3/gems/actionpack-5.0.7/lib/action_dispatch/middleware/templates/rescues/diagnostics.html.erb within rescues/layout
  Rendering /Users/Julie713/.rvm/gems/ruby-2.3.3/gems/actionpack-5.0.7/lib/action_dispatch/middleware/templates/rescues/_source.html.erb
  Rendered /Users/Julie713/.rvm/gems/ruby-2.3.3/gems/actionpack-5.0.7/lib/action_dispatch/middleware/templates/rescues/_source.html.erb (8.3ms)
  Rendering /Users/Julie713/.rvm/gems/ruby-2.3.3/gems/actionpack-5.0.7/lib/action_dispatch/middleware/templates/rescues/_trace.html.erb
  Rendered /Users/Julie713/.rvm/gems/ruby-2.3.3/gems/actionpack-5.0.7/lib/action_dispatch/middleware/templates/rescues/_trace.html.erb (1.9ms)
  Rendering /Users/Julie713/.rvm/gems/ruby-2.3.3/gems/actionpack-5.0.7/lib/action_dispatch/middleware/templates/rescues/_request_and_response.html.erb
  Rendered /Users/Julie713/.rvm/gems/ruby-2.3.3/gems/actionpack-5.0.7/lib/action_dispatch/middleware/templates/rescues/_request_and_response.html.erb (1.0ms)
  Rendered /Users/Julie713/.rvm/gems/ruby-2.3.3/gems/actionpack-5.0.7/lib/action_dispatch/middleware/templates/rescues/diagnostics.html.erb within rescues/layout (99.9ms)
Started GET "/members/" for 127.0.0.1 at 2018-04-21 16:02:56 -0400
Processing by MembersController#index as HTML
  Rendering members/index.html.erb within layouts/application
  Rendered members/index.html.erb within layouts/application (0.4ms)
Completed 200 OK in 95ms (Views: 90.4ms | ActiveRecord: 0.0ms)


